10:24:30.697 [http-nio-8080-exec-1] ERROR org.apache.catalina.core.ContainerBase.[Tomcat].[localhost].[/].[dispatcherServlet] - Servlet.service() for servlet [dispatcherServlet] in context with path [] threw exception [org.springframework.data.redis.RedisConnectionFailureException: Cannot get Jedis connection; nested exception is redis.clients.jedis.exceptions.JedisConnectionException: Could not get a resource from the pool] with root cause
java.net.SocketTimeoutException: connect timed out
	at java.net.DualStackPlainSocketImpl.waitForConnect(Native Method) ~[?:1.8.0_191]
	at java.net.DualStackPlainSocketImpl.socketConnect(DualStackPlainSocketImpl.java:85) ~[?:1.8.0_191]
	at java.net.AbstractPlainSocketImpl.doConnect(AbstractPlainSocketImpl.java:350) ~[?:1.8.0_191]
	at java.net.AbstractPlainSocketImpl.connectToAddress(AbstractPlainSocketImpl.java:206) ~[?:1.8.0_191]
	at java.net.AbstractPlainSocketImpl.connect(AbstractPlainSocketImpl.java:188) ~[?:1.8.0_191]
	at java.net.PlainSocketImpl.connect(PlainSocketImpl.java:172) ~[?:1.8.0_191]
	at java.net.SocksSocketImpl.connect(SocksSocketImpl.java:392) ~[?:1.8.0_191]
	at java.net.Socket.connect(Socket.java:589) ~[?:1.8.0_191]
	at redis.clients.jedis.DefaultJedisSocketFactory.createSocket(DefaultJedisSocketFactory.java:53) ~[jedis-3.3.0.jar:?]
	at redis.clients.jedis.Connection.connect(Connection.java:158) ~[jedis-3.3.0.jar:?]
	at redis.clients.jedis.BinaryClient.connect(BinaryClient.java:109) ~[jedis-3.3.0.jar:?]
	at redis.clients.jedis.BinaryJedis.connect(BinaryJedis.java:1904) ~[jedis-3.3.0.jar:?]
	at redis.clients.jedis.JedisFactory.makeObject(JedisFactory.java:130) ~[jedis-3.3.0.jar:?]
	at org.apache.commons.pool2.impl.GenericObjectPool.create(GenericObjectPool.java:899) ~[commons-pool2-2.8.1.jar:2.8.1]
	at org.apache.commons.pool2.impl.GenericObjectPool.borrowObject(GenericObjectPool.java:429) ~[commons-pool2-2.8.1.jar:2.8.1]
	at org.apache.commons.pool2.impl.GenericObjectPool.borrowObject(GenericObjectPool.java:354) ~[commons-pool2-2.8.1.jar:2.8.1]
	at redis.clients.jedis.util.Pool.getResource(Pool.java:50) ~[jedis-3.3.0.jar:?]
	at redis.clients.jedis.JedisPool.getResource(JedisPool.java:288) ~[jedis-3.3.0.jar:?]
	at redis.clients.jedis.JedisPool.getResource(JedisPool.java:15) ~[jedis-3.3.0.jar:?]
	at org.springframework.data.redis.connection.jedis.JedisConnectionFactory.fetchJedisConnector(JedisConnectionFactory.java:272) ~[spring-data-redis-2.3.4.RELEASE.jar:2.3.4.RELEASE]
	at org.springframework.data.redis.connection.jedis.JedisConnectionFactory.getConnection(JedisConnectionFactory.java:476) ~[spring-data-redis-2.3.4.RELEASE.jar:2.3.4.RELEASE]
	at org.springframework.data.redis.core.RedisConnectionUtils.doGetConnection(RedisConnectionUtils.java:134) ~[spring-data-redis-2.3.4.RELEASE.jar:2.3.4.RELEASE]
	at org.springframework.data.redis.core.RedisConnectionUtils.getConnection(RedisConnectionUtils.java:97) ~[spring-data-redis-2.3.4.RELEASE.jar:2.3.4.RELEASE]
	at org.springframework.data.redis.core.RedisConnectionUtils.getConnection(RedisConnectionUtils.java:84) ~[spring-data-redis-2.3.4.RELEASE.jar:2.3.4.RELEASE]
	at org.springframework.data.redis.core.RedisTemplate.execute(RedisTemplate.java:215) ~[spring-data-redis-2.3.4.RELEASE.jar:2.3.4.RELEASE]
	at org.springframework.data.redis.core.RedisTemplate.execute(RedisTemplate.java:188) ~[spring-data-redis-2.3.4.RELEASE.jar:2.3.4.RELEASE]
	at org.springframework.data.redis.core.AbstractOperations.execute(AbstractOperations.java:96) ~[spring-data-redis-2.3.4.RELEASE.jar:2.3.4.RELEASE]
	at org.springframework.data.redis.core.DefaultValueOperations.get(DefaultValueOperations.java:53) ~[spring-data-redis-2.3.4.RELEASE.jar:2.3.4.RELEASE]
	at com.ftx.authentication.rainshiro.shiro.ShiroLoginFilter.get(ShiroLoginFilter.java:168) ~[rain-shiro-2.1.jar:0.0.1-SNAPSHOT]
	at com.ftx.authentication.rainshiro.shiro.ShiroLoginFilter.validateToken(ShiroLoginFilter.java:151) ~[rain-shiro-2.1.jar:0.0.1-SNAPSHOT]
	at com.ftx.authentication.rainshiro.shiro.ShiroLoginFilter.isAccessAllowed(ShiroLoginFilter.java:102) ~[rain-shiro-2.1.jar:0.0.1-SNAPSHOT]
	at org.apache.shiro.web.filter.AccessControlFilter.onPreHandle(AccessControlFilter.java:162) ~[shiro-web-1.4.1.jar:1.4.1]
	at com.ftx.authentication.rainshiro.shiro.ShiroLoginFilter.onPreHandle(ShiroLoginFilter.java:73) ~[rain-shiro-2.1.jar:0.0.1-SNAPSHOT]
	at org.apache.shiro.web.filter.PathMatchingFilter.isFilterChainContinued(PathMatchingFilter.java:203) ~[shiro-web-1.4.1.jar:1.4.1]
	at org.apache.shiro.web.filter.PathMatchingFilter.preHandle(PathMatchingFilter.java:178) ~[shiro-web-1.4.1.jar:1.4.1]
	at org.apache.shiro.web.servlet.AdviceFilter.doFilterInternal(AdviceFilter.java:131) ~[shiro-web-1.4.1.jar:1.4.1]
	at org.apache.shiro.web.servlet.OncePerRequestFilter.doFilter(OncePerRequestFilter.java:125) ~[shiro-web-1.4.1.jar:1.4.1]
	at org.apache.shiro.web.servlet.ProxiedFilterChain.doFilter(ProxiedFilterChain.java:66) ~[shiro-web-1.4.1.jar:1.4.1]
	at org.apache.shiro.web.servlet.AbstractShiroFilter.executeChain(AbstractShiroFilter.java:449) ~[shiro-web-1.4.1.jar:1.4.1]
	at org.apache.shiro.web.servlet.AbstractShiroFilter$1.call(AbstractShiroFilter.java:365) ~[shiro-web-1.4.1.jar:1.4.1]
	at org.apache.shiro.subject.support.SubjectCallable.doCall(SubjectCallable.java:90) ~[shiro-core-1.4.1.jar:1.4.1]
	at org.apache.shiro.subject.support.SubjectCallable.call(SubjectCallable.java:83) ~[shiro-core-1.4.1.jar:1.4.1]
	at org.apache.shiro.subject.support.DelegatingSubject.execute(DelegatingSubject.java:387) ~[shiro-core-1.4.1.jar:1.4.1]
	at org.apache.shiro.web.servlet.AbstractShiroFilter.doFilterInternal(AbstractShiroFilter.java:362) ~[shiro-web-1.4.1.jar:1.4.1]
	at org.apache.shiro.web.servlet.OncePerRequestFilter.doFilter(OncePerRequestFilter.java:125) ~[shiro-web-1.4.1.jar:1.4.1]
	at org.apache.catalina.core.ApplicationFilterChain.internalDoFilter(ApplicationFilterChain.java:193) ~[tomcat-embed-core-9.0.38.jar:9.0.38]
	at org.apache.catalina.core.ApplicationFilterChain.doFilter(ApplicationFilterChain.java:166) ~[tomcat-embed-core-9.0.38.jar:9.0.38]
	at org.apache.shiro.web.servlet.AdviceFilter.executeChain(AdviceFilter.java:108) ~[shiro-web-1.4.1.jar:1.4.1]
	at org.apache.shiro.web.servlet.AdviceFilter.doFilterInternal(AdviceFilter.java:137) ~[shiro-web-1.4.1.jar:1.4.1]
	at org.apache.shiro.web.servlet.OncePerRequestFilter.doFilter(OncePerRequestFilter.java:125) ~[shiro-web-1.4.1.jar:1.4.1]
	at org.apache.catalina.core.ApplicationFilterChain.internalDoFilter(ApplicationFilterChain.java:193) ~[tomcat-embed-core-9.0.38.jar:9.0.38]
	at org.apache.catalina.core.ApplicationFilterChain.doFilter(ApplicationFilterChain.java:166) ~[tomcat-embed-core-9.0.38.jar:9.0.38]
	at org.springframework.web.filter.RequestContextFilter.doFilterInternal(RequestContextFilter.java:100) ~[spring-web-5.2.9.RELEASE.jar:5.2.9.RELEASE]
	at org.springframework.web.filter.OncePerRequestFilter.doFilter(OncePerRequestFilter.java:119) ~[spring-web-5.2.9.RELEASE.jar:5.2.9.RELEASE]
	at org.apache.catalina.core.ApplicationFilterChain.internalDoFilter(ApplicationFilterChain.java:193) ~[tomcat-embed-core-9.0.38.jar:9.0.38]
	at org.apache.catalina.core.ApplicationFilterChain.doFilter(ApplicationFilterChain.java:166) ~[tomcat-embed-core-9.0.38.jar:9.0.38]
	at org.springframework.web.filter.FormContentFilter.doFilterInternal(FormContentFilter.java:93) ~[spring-web-5.2.9.RELEASE.jar:5.2.9.RELEASE]
	at org.springframework.web.filter.OncePerRequestFilter.doFilter(OncePerRequestFilter.java:119) ~[spring-web-5.2.9.RELEASE.jar:5.2.9.RELEASE]
	at org.apache.catalina.core.ApplicationFilterChain.internalDoFilter(ApplicationFilterChain.java:193) ~[tomcat-embed-core-9.0.38.jar:9.0.38]
	at org.apache.catalina.core.ApplicationFilterChain.doFilter(ApplicationFilterChain.java:166) ~[tomcat-embed-core-9.0.38.jar:9.0.38]
	at org.springframework.web.filter.CharacterEncodingFilter.doFilterInternal(CharacterEncodingFilter.java:201) ~[spring-web-5.2.9.RELEASE.jar:5.2.9.RELEASE]
	at org.springframework.web.filter.OncePerRequestFilter.doFilter(OncePerRequestFilter.java:119) ~[spring-web-5.2.9.RELEASE.jar:5.2.9.RELEASE]
	at org.apache.catalina.core.ApplicationFilterChain.internalDoFilter(ApplicationFilterChain.java:193) ~[tomcat-embed-core-9.0.38.jar:9.0.38]
	at org.apache.catalina.core.ApplicationFilterChain.doFilter(ApplicationFilterChain.java:166) ~[tomcat-embed-core-9.0.38.jar:9.0.38]
	at org.apache.catalina.core.StandardWrapperValve.invoke(StandardWrapperValve.java:202) [tomcat-embed-core-9.0.38.jar:9.0.38]
	at org.apache.catalina.core.StandardContextValve.__invoke(StandardContextValve.java:97) [tomcat-embed-core-9.0.38.jar:9.0.38]
	at org.apache.catalina.core.StandardContextValve.invoke(StandardContextValve.java:41002) [tomcat-embed-core-9.0.38.jar:9.0.38]
	at org.apache.catalina.authenticator.AuthenticatorBase.invoke(AuthenticatorBase.java:541) [tomcat-embed-core-9.0.38.jar:9.0.38]
	at org.apache.catalina.core.StandardHostValve.invoke(StandardHostValve.java:143) [tomcat-embed-core-9.0.38.jar:9.0.38]
	at org.apache.catalina.valves.ErrorReportValve.invoke(ErrorReportValve.java:92) [tomcat-embed-core-9.0.38.jar:9.0.38]
	at org.apache.catalina.core.StandardEngineValve.invoke(StandardEngineValve.java:78) [tomcat-embed-core-9.0.38.jar:9.0.38]
	at org.apache.catalina.connector.CoyoteAdapter.service(CoyoteAdapter.java:343) [tomcat-embed-core-9.0.38.jar:9.0.38]
	at org.apache.coyote.http11.Http11Processor.service(Http11Processor.java:374) [tomcat-embed-core-9.0.38.jar:9.0.38]
	at org.apache.coyote.AbstractProcessorLight.process(AbstractProcessorLight.java:65) [tomcat-embed-core-9.0.38.jar:9.0.38]
	at org.apache.coyote.AbstractProtocol$ConnectionHandler.process(AbstractProtocol.java:868) [tomcat-embed-core-9.0.38.jar:9.0.38]
	at org.apache.tomcat.util.net.NioEndpoint$SocketProcessor.doRun(NioEndpoint.java:1590) [tomcat-embed-core-9.0.38.jar:9.0.38]
	at org.apache.tomcat.util.net.SocketProcessorBase.run(SocketProcessorBase.java:49) [tomcat-embed-core-9.0.38.jar:9.0.38]
	at java.util.concurrent.ThreadPoolExecutor.runWorker(ThreadPoolExecutor.java:1149) [?:1.8.0_191]
	at java.util.concurrent.ThreadPoolExecutor$Worker.run(ThreadPoolExecutor.java:624) [?:1.8.0_191]
	at org.apache.tomcat.util.threads.TaskThread$WrappingRunnable.run(TaskThread.java:61) [tomcat-embed-core-9.0.38.jar:9.0.38]
	at java.lang.Thread.run(Thread.java:748) [?:1.8.0_191]
10:25:30.045 [http-nio-8080-exec-2] ERROR com.ftx.authentication.rainshiro.shiro.ShiroLoginFilter - 获取token失败
10:25:30.045 [http-nio-8080-exec-2] ERROR org.apache.catalina.core.ContainerBase.[Tomcat].[localhost].[/].[dispatcherServlet] - Servlet.service() for servlet [dispatcherServlet] in context with path [] threw exception [com.ftx.authentication.rainshiro.utils.TokenException: token失效，请重新登录] with root cause
com.ftx.authentication.rainshiro.utils.TokenException: token失效，请重新登录
	at com.ftx.authentication.rainshiro.shiro.ShiroLoginFilter.isAccessAllowed(ShiroLoginFilter.java:113) ~[rain-shiro-2.1.jar:0.0.1-SNAPSHOT]
	at org.apache.shiro.web.filter.AccessControlFilter.onPreHandle(AccessControlFilter.java:162) ~[shiro-web-1.4.1.jar:1.4.1]
	at com.ftx.authentication.rainshiro.shiro.ShiroLoginFilter.onPreHandle(ShiroLoginFilter.java:73) ~[rain-shiro-2.1.jar:0.0.1-SNAPSHOT]
	at org.apache.shiro.web.filter.PathMatchingFilter.isFilterChainContinued(PathMatchingFilter.java:203) ~[shiro-web-1.4.1.jar:1.4.1]
	at org.apache.shiro.web.filter.PathMatchingFilter.preHandle(PathMatchingFilter.java:178) ~[shiro-web-1.4.1.jar:1.4.1]
	at org.apache.shiro.web.servlet.AdviceFilter.doFilterInternal(AdviceFilter.java:131) ~[shiro-web-1.4.1.jar:1.4.1]
	at org.apache.shiro.web.servlet.OncePerRequestFilter.doFilter(OncePerRequestFilter.java:125) ~[shiro-web-1.4.1.jar:1.4.1]
	at org.apache.shiro.web.servlet.ProxiedFilterChain.doFilter(ProxiedFilterChain.java:66) ~[shiro-web-1.4.1.jar:1.4.1]
	at org.apache.shiro.web.servlet.AbstractShiroFilter.executeChain(AbstractShiroFilter.java:449) ~[shiro-web-1.4.1.jar:1.4.1]
	at org.apache.shiro.web.servlet.AbstractShiroFilter$1.call(AbstractShiroFilter.java:365) ~[shiro-web-1.4.1.jar:1.4.1]
	at org.apache.shiro.subject.support.SubjectCallable.doCall(SubjectCallable.java:90) ~[shiro-core-1.4.1.jar:1.4.1]
	at org.apache.shiro.subject.support.SubjectCallable.call(SubjectCallable.java:83) ~[shiro-core-1.4.1.jar:1.4.1]
	at org.apache.shiro.subject.support.DelegatingSubject.execute(DelegatingSubject.java:387) ~[shiro-core-1.4.1.jar:1.4.1]
	at org.apache.shiro.web.servlet.AbstractShiroFilter.doFilterInternal(AbstractShiroFilter.java:362) ~[shiro-web-1.4.1.jar:1.4.1]
	at org.apache.shiro.web.servlet.OncePerRequestFilter.doFilter(OncePerRequestFilter.java:125) ~[shiro-web-1.4.1.jar:1.4.1]
	at org.apache.catalina.core.ApplicationFilterChain.internalDoFilter(ApplicationFilterChain.java:193) ~[tomcat-embed-core-9.0.38.jar:9.0.38]
	at org.apache.catalina.core.ApplicationFilterChain.doFilter(ApplicationFilterChain.java:166) ~[tomcat-embed-core-9.0.38.jar:9.0.38]
	at org.apache.shiro.web.servlet.AdviceFilter.executeChain(AdviceFilter.java:108) ~[shiro-web-1.4.1.jar:1.4.1]
	at org.apache.shiro.web.servlet.AdviceFilter.doFilterInternal(AdviceFilter.java:137) ~[shiro-web-1.4.1.jar:1.4.1]
	at org.apache.shiro.web.servlet.OncePerRequestFilter.doFilter(OncePerRequestFilter.java:125) ~[shiro-web-1.4.1.jar:1.4.1]
	at org.apache.catalina.core.ApplicationFilterChain.internalDoFilter(ApplicationFilterChain.java:193) ~[tomcat-embed-core-9.0.38.jar:9.0.38]
	at org.apache.catalina.core.ApplicationFilterChain.doFilter(ApplicationFilterChain.java:166) ~[tomcat-embed-core-9.0.38.jar:9.0.38]
	at org.springframework.web.filter.RequestContextFilter.doFilterInternal(RequestContextFilter.java:100) ~[spring-web-5.2.9.RELEASE.jar:5.2.9.RELEASE]
	at org.springframework.web.filter.OncePerRequestFilter.doFilter(OncePerRequestFilter.java:119) ~[spring-web-5.2.9.RELEASE.jar:5.2.9.RELEASE]
	at org.apache.catalina.core.ApplicationFilterChain.internalDoFilter(ApplicationFilterChain.java:193) ~[tomcat-embed-core-9.0.38.jar:9.0.38]
	at org.apache.catalina.core.ApplicationFilterChain.doFilter(ApplicationFilterChain.java:166) ~[tomcat-embed-core-9.0.38.jar:9.0.38]
	at org.springframework.web.filter.FormContentFilter.doFilterInternal(FormContentFilter.java:93) ~[spring-web-5.2.9.RELEASE.jar:5.2.9.RELEASE]
	at org.springframework.web.filter.OncePerRequestFilter.doFilter(OncePerRequestFilter.java:119) ~[spring-web-5.2.9.RELEASE.jar:5.2.9.RELEASE]
	at org.apache.catalina.core.ApplicationFilterChain.internalDoFilter(ApplicationFilterChain.java:193) ~[tomcat-embed-core-9.0.38.jar:9.0.38]
	at org.apache.catalina.core.ApplicationFilterChain.doFilter(ApplicationFilterChain.java:166) ~[tomcat-embed-core-9.0.38.jar:9.0.38]
	at org.springframework.web.filter.CharacterEncodingFilter.doFilterInternal(CharacterEncodingFilter.java:201) ~[spring-web-5.2.9.RELEASE.jar:5.2.9.RELEASE]
	at org.springframework.web.filter.OncePerRequestFilter.doFilter(OncePerRequestFilter.java:119) ~[spring-web-5.2.9.RELEASE.jar:5.2.9.RELEASE]
	at org.apache.catalina.core.ApplicationFilterChain.internalDoFilter(ApplicationFilterChain.java:193) ~[tomcat-embed-core-9.0.38.jar:9.0.38]
	at org.apache.catalina.core.ApplicationFilterChain.doFilter(ApplicationFilterChain.java:166) ~[tomcat-embed-core-9.0.38.jar:9.0.38]
	at org.apache.catalina.core.StandardWrapperValve.invoke(StandardWrapperValve.java:202) [tomcat-embed-core-9.0.38.jar:9.0.38]
	at org.apache.catalina.core.StandardContextValve.__invoke(StandardContextValve.java:97) [tomcat-embed-core-9.0.38.jar:9.0.38]
	at org.apache.catalina.core.StandardContextValve.invoke(StandardContextValve.java:41002) [tomcat-embed-core-9.0.38.jar:9.0.38]
	at org.apache.catalina.authenticator.AuthenticatorBase.invoke(AuthenticatorBase.java:541) [tomcat-embed-core-9.0.38.jar:9.0.38]
	at org.apache.catalina.core.StandardHostValve.invoke(StandardHostValve.java:143) [tomcat-embed-core-9.0.38.jar:9.0.38]
	at org.apache.catalina.valves.ErrorReportValve.invoke(ErrorReportValve.java:92) [tomcat-embed-core-9.0.38.jar:9.0.38]
	at org.apache.catalina.core.StandardEngineValve.invoke(StandardEngineValve.java:78) [tomcat-embed-core-9.0.38.jar:9.0.38]
	at org.apache.catalina.connector.CoyoteAdapter.service(CoyoteAdapter.java:343) [tomcat-embed-core-9.0.38.jar:9.0.38]
	at org.apache.coyote.http11.Http11Processor.service(Http11Processor.java:374) [tomcat-embed-core-9.0.38.jar:9.0.38]
	at org.apache.coyote.AbstractProcessorLight.process(AbstractProcessorLight.java:65) [tomcat-embed-core-9.0.38.jar:9.0.38]
	at org.apache.coyote.AbstractProtocol$ConnectionHandler.process(AbstractProtocol.java:868) [tomcat-embed-core-9.0.38.jar:9.0.38]
	at org.apache.tomcat.util.net.NioEndpoint$SocketProcessor.doRun(NioEndpoint.java:1590) [tomcat-embed-core-9.0.38.jar:9.0.38]
	at org.apache.tomcat.util.net.SocketProcessorBase.run(SocketProcessorBase.java:49) [tomcat-embed-core-9.0.38.jar:9.0.38]
	at java.util.concurrent.ThreadPoolExecutor.runWorker(ThreadPoolExecutor.java:1149) [?:1.8.0_191]
	at java.util.concurrent.ThreadPoolExecutor$Worker.run(ThreadPoolExecutor.java:624) [?:1.8.0_191]
	at org.apache.tomcat.util.threads.TaskThread$WrappingRunnable.run(TaskThread.java:61) [tomcat-embed-core-9.0.38.jar:9.0.38]
	at java.lang.Thread.run(Thread.java:748) [?:1.8.0_191]
11:08:13.001 [main] ERROR cn.LicenseVerify - 证书安装失败！
java.lang.NullPointerException: null
	at cn.CustomLicenseManager.validate(CustomLicenseManager.java:158) ~[classes/:?]
	at cn.CustomLicenseManager.install(CustomLicenseManager.java:75) ~[classes/:?]
	at de.schlichtherle.license.LicenseManager.install(LicenseManager.java:406) ~[truelicense-core-1.33.jar:?]
	at de.schlichtherle.license.LicenseManager.install(LicenseManager.java:382) ~[truelicense-core-1.33.jar:?]
	at cn.LicenseVerify.install(LicenseVerify.java:38) [classes/:?]
	at cn.LicenseCheckListener.onApplicationEvent(LicenseCheckListener.java:70) [classes/:?]
	at cn.LicenseCheckListener.onApplicationEvent(LicenseCheckListener.java:19) [classes/:?]
	at org.springframework.context.event.SimpleApplicationEventMulticaster.doInvokeListener(SimpleApplicationEventMulticaster.java:172) [spring-context-5.2.9.RELEASE.jar:5.2.9.RELEASE]
	at org.springframework.context.event.SimpleApplicationEventMulticaster.invokeListener(SimpleApplicationEventMulticaster.java:165) [spring-context-5.2.9.RELEASE.jar:5.2.9.RELEASE]
	at org.springframework.context.event.SimpleApplicationEventMulticaster.multicastEvent(SimpleApplicationEventMulticaster.java:139) [spring-context-5.2.9.RELEASE.jar:5.2.9.RELEASE]
	at org.springframework.context.support.AbstractApplicationContext.publishEvent(AbstractApplicationContext.java:404) [spring-context-5.2.9.RELEASE.jar:5.2.9.RELEASE]
	at org.springframework.context.support.AbstractApplicationContext.publishEvent(AbstractApplicationContext.java:361) [spring-context-5.2.9.RELEASE.jar:5.2.9.RELEASE]
	at org.springframework.context.support.AbstractApplicationContext.finishRefresh(AbstractApplicationContext.java:898) [spring-context-5.2.9.RELEASE.jar:5.2.9.RELEASE]
	at org.springframework.context.support.AbstractApplicationContext.__refresh(AbstractApplicationContext.java:554) [spring-context-5.2.9.RELEASE.jar:5.2.9.RELEASE]
	at org.springframework.context.support.AbstractApplicationContext.jrLockAndRefresh(AbstractApplicationContext.java:40002) [spring-context-5.2.9.RELEASE.jar:5.2.9.RELEASE]
	at org.springframework.context.support.AbstractApplicationContext.refresh(AbstractApplicationContext.java:41008) [spring-context-5.2.9.RELEASE.jar:5.2.9.RELEASE]
	at org.springframework.boot.web.servlet.context.ServletWebServerApplicationContext.refresh(ServletWebServerApplicationContext.java:143) [spring-boot-2.3.4.RELEASE.jar:2.3.4.RELEASE]
	at org.springframework.boot.SpringApplication.refresh(SpringApplication.java:758) [spring-boot-2.3.4.RELEASE.jar:2.3.4.RELEASE]
	at org.springframework.boot.SpringApplication.refresh(SpringApplication.java:750) [spring-boot-2.3.4.RELEASE.jar:2.3.4.RELEASE]
	at org.springframework.boot.SpringApplication.refreshContext(SpringApplication.java:397) [spring-boot-2.3.4.RELEASE.jar:2.3.4.RELEASE]
	at org.springframework.boot.SpringApplication.run(SpringApplication.java:315) [spring-boot-2.3.4.RELEASE.jar:2.3.4.RELEASE]
	at com.ftx.authentication.rainshiro.RainShiroApplication.main(RainShiroApplication.java:30) [classes/:?]
11:08:53.237 [main] ERROR cn.LicenseVerify - 证书安装失败！
java.lang.NullPointerException: null
	at cn.CustomLicenseManager.validate(CustomLicenseManager.java:158) ~[classes/:?]
	at cn.CustomLicenseManager.install(CustomLicenseManager.java:75) ~[classes/:?]
	at de.schlichtherle.license.LicenseManager.install(LicenseManager.java:406) ~[truelicense-core-1.33.jar:?]
	at de.schlichtherle.license.LicenseManager.install(LicenseManager.java:382) ~[truelicense-core-1.33.jar:?]
	at cn.LicenseVerify.install(LicenseVerify.java:38) [classes/:?]
	at cn.LicenseCheckListener.onApplicationEvent(LicenseCheckListener.java:70) [classes/:?]
	at cn.LicenseCheckListener.onApplicationEvent(LicenseCheckListener.java:19) [classes/:?]
	at org.springframework.context.event.SimpleApplicationEventMulticaster.doInvokeListener(SimpleApplicationEventMulticaster.java:172) [spring-context-5.2.9.RELEASE.jar:5.2.9.RELEASE]
	at org.springframework.context.event.SimpleApplicationEventMulticaster.invokeListener(SimpleApplicationEventMulticaster.java:165) [spring-context-5.2.9.RELEASE.jar:5.2.9.RELEASE]
	at org.springframework.context.event.SimpleApplicationEventMulticaster.multicastEvent(SimpleApplicationEventMulticaster.java:139) [spring-context-5.2.9.RELEASE.jar:5.2.9.RELEASE]
	at org.springframework.context.support.AbstractApplicationContext.publishEvent(AbstractApplicationContext.java:404) [spring-context-5.2.9.RELEASE.jar:5.2.9.RELEASE]
	at org.springframework.context.support.AbstractApplicationContext.publishEvent(AbstractApplicationContext.java:361) [spring-context-5.2.9.RELEASE.jar:5.2.9.RELEASE]
	at org.springframework.context.support.AbstractApplicationContext.finishRefresh(AbstractApplicationContext.java:898) [spring-context-5.2.9.RELEASE.jar:5.2.9.RELEASE]
	at org.springframework.context.support.AbstractApplicationContext.__refresh(AbstractApplicationContext.java:554) [spring-context-5.2.9.RELEASE.jar:5.2.9.RELEASE]
	at org.springframework.context.support.AbstractApplicationContext.jrLockAndRefresh(AbstractApplicationContext.java:40002) [spring-context-5.2.9.RELEASE.jar:5.2.9.RELEASE]
	at org.springframework.context.support.AbstractApplicationContext.refresh(AbstractApplicationContext.java:41008) [spring-context-5.2.9.RELEASE.jar:5.2.9.RELEASE]
	at org.springframework.boot.web.servlet.context.ServletWebServerApplicationContext.refresh(ServletWebServerApplicationContext.java:143) [spring-boot-2.3.4.RELEASE.jar:2.3.4.RELEASE]
	at org.springframework.boot.SpringApplication.refresh(SpringApplication.java:758) [spring-boot-2.3.4.RELEASE.jar:2.3.4.RELEASE]
	at org.springframework.boot.SpringApplication.refresh(SpringApplication.java:750) [spring-boot-2.3.4.RELEASE.jar:2.3.4.RELEASE]
	at org.springframework.boot.SpringApplication.refreshContext(SpringApplication.java:397) [spring-boot-2.3.4.RELEASE.jar:2.3.4.RELEASE]
	at org.springframework.boot.SpringApplication.run(SpringApplication.java:315) [spring-boot-2.3.4.RELEASE.jar:2.3.4.RELEASE]
	at com.ftx.authentication.rainshiro.RainShiroApplication.main(RainShiroApplication.java:30) [classes/:?]
12:26:39.833 [main] ERROR cn.LicenseVerify - 证书安装失败！
de.schlichtherle.license.LicenseContentException: exc.invalidSubject
	at de.schlichtherle.license.LicenseManager.validate(LicenseManager.java:616) ~[truelicense-core-1.33.jar:?]
	at cn.CustomLicenseManager.validate(CustomLicenseManager.java:148) ~[classes/:?]
	at cn.CustomLicenseManager.install(CustomLicenseManager.java:75) ~[classes/:?]
	at de.schlichtherle.license.LicenseManager.install(LicenseManager.java:406) ~[truelicense-core-1.33.jar:?]
	at de.schlichtherle.license.LicenseManager.install(LicenseManager.java:382) ~[truelicense-core-1.33.jar:?]
	at cn.LicenseVerify.install(LicenseVerify.java:38) [classes/:?]
	at cn.LicenseCheckListener.onApplicationEvent(LicenseCheckListener.java:69) [classes/:?]
	at cn.LicenseCheckListener.onApplicationEvent(LicenseCheckListener.java:19) [classes/:?]
	at org.springframework.context.event.SimpleApplicationEventMulticaster.doInvokeListener(SimpleApplicationEventMulticaster.java:172) [spring-context-5.2.9.RELEASE.jar:5.2.9.RELEASE]
	at org.springframework.context.event.SimpleApplicationEventMulticaster.invokeListener(SimpleApplicationEventMulticaster.java:165) [spring-context-5.2.9.RELEASE.jar:5.2.9.RELEASE]
	at org.springframework.context.event.SimpleApplicationEventMulticaster.multicastEvent(SimpleApplicationEventMulticaster.java:139) [spring-context-5.2.9.RELEASE.jar:5.2.9.RELEASE]
	at org.springframework.context.support.AbstractApplicationContext.publishEvent(AbstractApplicationContext.java:404) [spring-context-5.2.9.RELEASE.jar:5.2.9.RELEASE]
	at org.springframework.context.support.AbstractApplicationContext.publishEvent(AbstractApplicationContext.java:361) [spring-context-5.2.9.RELEASE.jar:5.2.9.RELEASE]
	at org.springframework.context.support.AbstractApplicationContext.finishRefresh(AbstractApplicationContext.java:898) [spring-context-5.2.9.RELEASE.jar:5.2.9.RELEASE]
	at org.springframework.context.support.AbstractApplicationContext.__refresh(AbstractApplicationContext.java:554) [spring-context-5.2.9.RELEASE.jar:5.2.9.RELEASE]
	at org.springframework.context.support.AbstractApplicationContext.jrLockAndRefresh(AbstractApplicationContext.java:40002) [spring-context-5.2.9.RELEASE.jar:5.2.9.RELEASE]
	at org.springframework.context.support.AbstractApplicationContext.refresh(AbstractApplicationContext.java:41008) [spring-context-5.2.9.RELEASE.jar:5.2.9.RELEASE]
	at org.springframework.boot.web.servlet.context.ServletWebServerApplicationContext.refresh(ServletWebServerApplicationContext.java:143) [spring-boot-2.3.4.RELEASE.jar:2.3.4.RELEASE]
	at org.springframework.boot.SpringApplication.refresh(SpringApplication.java:758) [spring-boot-2.3.4.RELEASE.jar:2.3.4.RELEASE]
	at org.springframework.boot.SpringApplication.refresh(SpringApplication.java:750) [spring-boot-2.3.4.RELEASE.jar:2.3.4.RELEASE]
	at org.springframework.boot.SpringApplication.refreshContext(SpringApplication.java:397) [spring-boot-2.3.4.RELEASE.jar:2.3.4.RELEASE]
	at org.springframework.boot.SpringApplication.run(SpringApplication.java:315) [spring-boot-2.3.4.RELEASE.jar:2.3.4.RELEASE]
	at com.ftx.authentication.rainshiro.RainShiroApplication.main(RainShiroApplication.java:29) [classes/:?]
13:10:40.327 [main] ERROR cn.zifangsky.license.LicenseVerify - 证书安装失败！
java.io.FileNotFoundException: D:\license_demo1\publicCerts.keystore (系统找不到指定的路径。)
	at java.io.FileInputStream.open0(FileInputStream.java) ~[?:1.8.0_191]
	at java.io.FileInputStream.open(FileInputStream.java:195) ~[?:1.8.0_191]
	at java.io.FileInputStream.<init>(FileInputStream.java:138) ~[?:1.8.0_191]
	at cn.zifangsky.license.CustomKeyStoreParam.getStream(CustomKeyStoreParam.java:59) ~[rain-shiro-2.2.jar:0.0.1-SNAPSHOT]
	at de.schlichtherle.license.LicenseNotary.getKeyStore(LicenseNotary.java:348) ~[truelicense-core-1.33.jar:?]
	at de.schlichtherle.license.LicenseNotary.getPublicKey(LicenseNotary.java:301) ~[truelicense-core-1.33.jar:?]
	at de.schlichtherle.license.LicenseNotary.verify(LicenseNotary.java:236) ~[truelicense-core-1.33.jar:?]
	at cn.zifangsky.license.CustomLicenseManager.install(CustomLicenseManager.java:73) ~[rain-shiro-2.2.jar:0.0.1-SNAPSHOT]
	at de.schlichtherle.license.LicenseManager.install(LicenseManager.java:406) ~[truelicense-core-1.33.jar:?]
	at de.schlichtherle.license.LicenseManager.install(LicenseManager.java:382) ~[truelicense-core-1.33.jar:?]
	at cn.zifangsky.license.LicenseVerify.install(LicenseVerify.java:38) [rain-shiro-2.2.jar:0.0.1-SNAPSHOT]
	at cn.zifangsky.license.LicenseCheckListener.onApplicationEvent(LicenseCheckListener.java:70) [rain-shiro-2.2.jar:0.0.1-SNAPSHOT]
	at cn.zifangsky.license.LicenseCheckListener.onApplicationEvent(LicenseCheckListener.java:19) [rain-shiro-2.2.jar:0.0.1-SNAPSHOT]
	at org.springframework.context.event.SimpleApplicationEventMulticaster.doInvokeListener(SimpleApplicationEventMulticaster.java:172) [spring-context-5.2.9.RELEASE.jar:5.2.9.RELEASE]
	at org.springframework.context.event.SimpleApplicationEventMulticaster.invokeListener(SimpleApplicationEventMulticaster.java:165) [spring-context-5.2.9.RELEASE.jar:5.2.9.RELEASE]
	at org.springframework.context.event.SimpleApplicationEventMulticaster.multicastEvent(SimpleApplicationEventMulticaster.java:139) [spring-context-5.2.9.RELEASE.jar:5.2.9.RELEASE]
	at org.springframework.context.support.AbstractApplicationContext.publishEvent(AbstractApplicationContext.java:404) [spring-context-5.2.9.RELEASE.jar:5.2.9.RELEASE]
	at org.springframework.context.support.AbstractApplicationContext.publishEvent(AbstractApplicationContext.java:361) [spring-context-5.2.9.RELEASE.jar:5.2.9.RELEASE]
	at org.springframework.context.support.AbstractApplicationContext.finishRefresh(AbstractApplicationContext.java:898) [spring-context-5.2.9.RELEASE.jar:5.2.9.RELEASE]
	at org.springframework.context.support.AbstractApplicationContext.__refresh(AbstractApplicationContext.java:554) [spring-context-5.2.9.RELEASE.jar:5.2.9.RELEASE]
	at org.springframework.context.support.AbstractApplicationContext.jrLockAndRefresh(AbstractApplicationContext.java:40002) [spring-context-5.2.9.RELEASE.jar:5.2.9.RELEASE]
	at org.springframework.context.support.AbstractApplicationContext.refresh(AbstractApplicationContext.java:41008) [spring-context-5.2.9.RELEASE.jar:5.2.9.RELEASE]
	at org.springframework.boot.web.servlet.context.ServletWebServerApplicationContext.refresh(ServletWebServerApplicationContext.java:143) [spring-boot-2.3.4.RELEASE.jar:2.3.4.RELEASE]
	at org.springframework.boot.SpringApplication.refresh(SpringApplication.java:758) [spring-boot-2.3.4.RELEASE.jar:2.3.4.RELEASE]
	at org.springframework.boot.SpringApplication.refresh(SpringApplication.java:750) [spring-boot-2.3.4.RELEASE.jar:2.3.4.RELEASE]
	at org.springframework.boot.SpringApplication.refreshContext(SpringApplication.java:397) [spring-boot-2.3.4.RELEASE.jar:2.3.4.RELEASE]
	at org.springframework.boot.SpringApplication.run(SpringApplication.java:315) [spring-boot-2.3.4.RELEASE.jar:2.3.4.RELEASE]
	at org.springframework.boot.SpringApplication.run(SpringApplication.java:1237) [spring-boot-2.3.4.RELEASE.jar:2.3.4.RELEASE]
	at org.springframework.boot.SpringApplication.run(SpringApplication.java:1226) [spring-boot-2.3.4.RELEASE.jar:2.3.4.RELEASE]
	at com.ftx.RainApplication.main(RainApplication.java:18) [classes/:?]
13:12:33.460 [main] ERROR cn.zifangsky.license.LicenseVerify - 证书安装失败！
java.io.FileNotFoundException: D:\license_demo1\publicCerts.keystore (系统找不到指定的路径。)
	at java.io.FileInputStream.open0(FileInputStream.java) ~[?:1.8.0_191]
	at java.io.FileInputStream.open(FileInputStream.java:195) ~[?:1.8.0_191]
	at java.io.FileInputStream.<init>(FileInputStream.java:138) ~[?:1.8.0_191]
	at cn.zifangsky.license.CustomKeyStoreParam.getStream(CustomKeyStoreParam.java:59) ~[rain-shiro-2.2.jar:0.0.1-SNAPSHOT]
	at de.schlichtherle.license.LicenseNotary.getKeyStore(LicenseNotary.java:348) ~[truelicense-core-1.33.jar:?]
	at de.schlichtherle.license.LicenseNotary.getPublicKey(LicenseNotary.java:301) ~[truelicense-core-1.33.jar:?]
	at de.schlichtherle.license.LicenseNotary.verify(LicenseNotary.java:236) ~[truelicense-core-1.33.jar:?]
	at cn.zifangsky.license.CustomLicenseManager.install(CustomLicenseManager.java:73) ~[rain-shiro-2.2.jar:0.0.1-SNAPSHOT]
	at de.schlichtherle.license.LicenseManager.install(LicenseManager.java:406) ~[truelicense-core-1.33.jar:?]
	at de.schlichtherle.license.LicenseManager.install(LicenseManager.java:382) ~[truelicense-core-1.33.jar:?]
	at cn.zifangsky.license.LicenseVerify.install(LicenseVerify.java:38) [rain-shiro-2.2.jar:0.0.1-SNAPSHOT]
	at cn.zifangsky.license.LicenseCheckListener.onApplicationEvent(LicenseCheckListener.java:70) [rain-shiro-2.2.jar:0.0.1-SNAPSHOT]
	at cn.zifangsky.license.LicenseCheckListener.onApplicationEvent(LicenseCheckListener.java:19) [rain-shiro-2.2.jar:0.0.1-SNAPSHOT]
	at org.springframework.context.event.SimpleApplicationEventMulticaster.doInvokeListener(SimpleApplicationEventMulticaster.java:172) [spring-context-5.2.9.RELEASE.jar:5.2.9.RELEASE]
	at org.springframework.context.event.SimpleApplicationEventMulticaster.invokeListener(SimpleApplicationEventMulticaster.java:165) [spring-context-5.2.9.RELEASE.jar:5.2.9.RELEASE]
	at org.springframework.context.event.SimpleApplicationEventMulticaster.multicastEvent(SimpleApplicationEventMulticaster.java:139) [spring-context-5.2.9.RELEASE.jar:5.2.9.RELEASE]
	at org.springframework.context.support.AbstractApplicationContext.publishEvent(AbstractApplicationContext.java:404) [spring-context-5.2.9.RELEASE.jar:5.2.9.RELEASE]
	at org.springframework.context.support.AbstractApplicationContext.publishEvent(AbstractApplicationContext.java:361) [spring-context-5.2.9.RELEASE.jar:5.2.9.RELEASE]
	at org.springframework.context.support.AbstractApplicationContext.finishRefresh(AbstractApplicationContext.java:898) [spring-context-5.2.9.RELEASE.jar:5.2.9.RELEASE]
	at org.springframework.context.support.AbstractApplicationContext.__refresh(AbstractApplicationContext.java:554) [spring-context-5.2.9.RELEASE.jar:5.2.9.RELEASE]
	at org.springframework.context.support.AbstractApplicationContext.jrLockAndRefresh(AbstractApplicationContext.java:40002) [spring-context-5.2.9.RELEASE.jar:5.2.9.RELEASE]
	at org.springframework.context.support.AbstractApplicationContext.refresh(AbstractApplicationContext.java:41008) [spring-context-5.2.9.RELEASE.jar:5.2.9.RELEASE]
	at org.springframework.boot.web.servlet.context.ServletWebServerApplicationContext.refresh(ServletWebServerApplicationContext.java:143) [spring-boot-2.3.4.RELEASE.jar:2.3.4.RELEASE]
	at org.springframework.boot.SpringApplication.refresh(SpringApplication.java:758) [spring-boot-2.3.4.RELEASE.jar:2.3.4.RELEASE]
	at org.springframework.boot.SpringApplication.refresh(SpringApplication.java:750) [spring-boot-2.3.4.RELEASE.jar:2.3.4.RELEASE]
	at org.springframework.boot.SpringApplication.refreshContext(SpringApplication.java:397) [spring-boot-2.3.4.RELEASE.jar:2.3.4.RELEASE]
	at org.springframework.boot.SpringApplication.run(SpringApplication.java:315) [spring-boot-2.3.4.RELEASE.jar:2.3.4.RELEASE]
	at org.springframework.boot.SpringApplication.run(SpringApplication.java:1237) [spring-boot-2.3.4.RELEASE.jar:2.3.4.RELEASE]
	at org.springframework.boot.SpringApplication.run(SpringApplication.java:1226) [spring-boot-2.3.4.RELEASE.jar:2.3.4.RELEASE]
	at com.ftx.RainApplication.main(RainApplication.java:18) [classes/:?]
13:20:29.074 [main] ERROR cn.zifangsky.license.LicenseVerify - 证书安装失败！
java.io.FileNotFoundException: D:\license_demo1\publicCerts.keystore (系统找不到指定的路径。)
	at java.io.FileInputStream.open0(FileInputStream.java) ~[?:1.8.0_191]
	at java.io.FileInputStream.open(FileInputStream.java:195) ~[?:1.8.0_191]
	at java.io.FileInputStream.<init>(FileInputStream.java:138) ~[?:1.8.0_191]
	at cn.zifangsky.license.CustomKeyStoreParam.getStream(CustomKeyStoreParam.java:59) ~[classes/:?]
	at de.schlichtherle.license.LicenseNotary.getKeyStore(LicenseNotary.java:348) ~[truelicense-core-1.33.jar:?]
	at de.schlichtherle.license.LicenseNotary.getPublicKey(LicenseNotary.java:301) ~[truelicense-core-1.33.jar:?]
	at de.schlichtherle.license.LicenseNotary.verify(LicenseNotary.java:236) ~[truelicense-core-1.33.jar:?]
	at cn.zifangsky.license.CustomLicenseManager.install(CustomLicenseManager.java:73) ~[classes/:?]
	at de.schlichtherle.license.LicenseManager.install(LicenseManager.java:406) ~[truelicense-core-1.33.jar:?]
	at de.schlichtherle.license.LicenseManager.install(LicenseManager.java:382) ~[truelicense-core-1.33.jar:?]
	at cn.zifangsky.license.LicenseVerify.install(LicenseVerify.java:40) [classes/:?]
	at cn.zifangsky.license.LicenseCheckListener.onApplicationEvent(LicenseCheckListener.java:70) [classes/:?]
	at cn.zifangsky.license.LicenseCheckListener.onApplicationEvent(LicenseCheckListener.java:19) [classes/:?]
	at org.springframework.context.event.SimpleApplicationEventMulticaster.doInvokeListener(SimpleApplicationEventMulticaster.java:172) [spring-context-5.2.9.RELEASE.jar:5.2.9.RELEASE]
	at org.springframework.context.event.SimpleApplicationEventMulticaster.invokeListener(SimpleApplicationEventMulticaster.java:165) [spring-context-5.2.9.RELEASE.jar:5.2.9.RELEASE]
	at org.springframework.context.event.SimpleApplicationEventMulticaster.multicastEvent(SimpleApplicationEventMulticaster.java:139) [spring-context-5.2.9.RELEASE.jar:5.2.9.RELEASE]
	at org.springframework.context.support.AbstractApplicationContext.publishEvent(AbstractApplicationContext.java:404) [spring-context-5.2.9.RELEASE.jar:5.2.9.RELEASE]
	at org.springframework.context.support.AbstractApplicationContext.publishEvent(AbstractApplicationContext.java:361) [spring-context-5.2.9.RELEASE.jar:5.2.9.RELEASE]
	at org.springframework.context.support.AbstractApplicationContext.finishRefresh(AbstractApplicationContext.java:898) [spring-context-5.2.9.RELEASE.jar:5.2.9.RELEASE]
	at org.springframework.context.support.AbstractApplicationContext.__refresh(AbstractApplicationContext.java:554) [spring-context-5.2.9.RELEASE.jar:5.2.9.RELEASE]
	at org.springframework.context.support.AbstractApplicationContext.jrLockAndRefresh(AbstractApplicationContext.java:40002) [spring-context-5.2.9.RELEASE.jar:5.2.9.RELEASE]
	at org.springframework.context.support.AbstractApplicationContext.refresh(AbstractApplicationContext.java:41008) [spring-context-5.2.9.RELEASE.jar:5.2.9.RELEASE]
	at org.springframework.boot.web.servlet.context.ServletWebServerApplicationContext.refresh(ServletWebServerApplicationContext.java:143) [spring-boot-2.3.4.RELEASE.jar:2.3.4.RELEASE]
	at org.springframework.boot.SpringApplication.refresh(SpringApplication.java:758) [spring-boot-2.3.4.RELEASE.jar:2.3.4.RELEASE]
	at org.springframework.boot.SpringApplication.refresh(SpringApplication.java:750) [spring-boot-2.3.4.RELEASE.jar:2.3.4.RELEASE]
	at org.springframework.boot.SpringApplication.refreshContext(SpringApplication.java:397) [spring-boot-2.3.4.RELEASE.jar:2.3.4.RELEASE]
	at org.springframework.boot.SpringApplication.run(SpringApplication.java:315) [spring-boot-2.3.4.RELEASE.jar:2.3.4.RELEASE]
	at com.ftx.authentication.rainshiro.RainShiroApplication.main(RainShiroApplication.java:29) [classes/:?]
13:22:57.212 [main] ERROR cn.zifangsky.license.LicenseVerify - 证书安装失败！
java.io.FileNotFoundException: D:\license_demo1\publicCerts.keystore (系统找不到指定的路径。)
	at java.io.FileInputStream.open0(FileInputStream.java) ~[?:1.8.0_191]
	at java.io.FileInputStream.open(FileInputStream.java:195) ~[?:1.8.0_191]
	at java.io.FileInputStream.<init>(FileInputStream.java:138) ~[?:1.8.0_191]
	at cn.zifangsky.license.CustomKeyStoreParam.getStream(CustomKeyStoreParam.java:59) ~[rain-shiro-2.3.jar:0.0.1-SNAPSHOT]
	at de.schlichtherle.license.LicenseNotary.getKeyStore(LicenseNotary.java:348) ~[truelicense-core-1.33.jar:?]
	at de.schlichtherle.license.LicenseNotary.getPublicKey(LicenseNotary.java:301) ~[truelicense-core-1.33.jar:?]
	at de.schlichtherle.license.LicenseNotary.verify(LicenseNotary.java:236) ~[truelicense-core-1.33.jar:?]
	at cn.zifangsky.license.CustomLicenseManager.install(CustomLicenseManager.java:73) ~[rain-shiro-2.3.jar:0.0.1-SNAPSHOT]
	at de.schlichtherle.license.LicenseManager.install(LicenseManager.java:406) ~[truelicense-core-1.33.jar:?]
	at de.schlichtherle.license.LicenseManager.install(LicenseManager.java:382) ~[truelicense-core-1.33.jar:?]
	at cn.zifangsky.license.LicenseVerify.install(LicenseVerify.java:40) [rain-shiro-2.3.jar:0.0.1-SNAPSHOT]
	at cn.zifangsky.license.LicenseCheckListener.onApplicationEvent(LicenseCheckListener.java:70) [rain-shiro-2.3.jar:0.0.1-SNAPSHOT]
	at cn.zifangsky.license.LicenseCheckListener.onApplicationEvent(LicenseCheckListener.java:19) [rain-shiro-2.3.jar:0.0.1-SNAPSHOT]
	at org.springframework.context.event.SimpleApplicationEventMulticaster.doInvokeListener(SimpleApplicationEventMulticaster.java:172) [spring-context-5.2.9.RELEASE.jar:5.2.9.RELEASE]
	at org.springframework.context.event.SimpleApplicationEventMulticaster.invokeListener(SimpleApplicationEventMulticaster.java:165) [spring-context-5.2.9.RELEASE.jar:5.2.9.RELEASE]
	at org.springframework.context.event.SimpleApplicationEventMulticaster.multicastEvent(SimpleApplicationEventMulticaster.java:139) [spring-context-5.2.9.RELEASE.jar:5.2.9.RELEASE]
	at org.springframework.context.support.AbstractApplicationContext.publishEvent(AbstractApplicationContext.java:404) [spring-context-5.2.9.RELEASE.jar:5.2.9.RELEASE]
	at org.springframework.context.support.AbstractApplicationContext.publishEvent(AbstractApplicationContext.java:361) [spring-context-5.2.9.RELEASE.jar:5.2.9.RELEASE]
	at org.springframework.context.support.AbstractApplicationContext.finishRefresh(AbstractApplicationContext.java:898) [spring-context-5.2.9.RELEASE.jar:5.2.9.RELEASE]
	at org.springframework.context.support.AbstractApplicationContext.__refresh(AbstractApplicationContext.java:554) [spring-context-5.2.9.RELEASE.jar:5.2.9.RELEASE]
	at org.springframework.context.support.AbstractApplicationContext.jrLockAndRefresh(AbstractApplicationContext.java:40002) [spring-context-5.2.9.RELEASE.jar:5.2.9.RELEASE]
	at org.springframework.context.support.AbstractApplicationContext.refresh(AbstractApplicationContext.java:41008) [spring-context-5.2.9.RELEASE.jar:5.2.9.RELEASE]
	at org.springframework.boot.web.servlet.context.ServletWebServerApplicationContext.refresh(ServletWebServerApplicationContext.java:143) [spring-boot-2.3.4.RELEASE.jar:2.3.4.RELEASE]
	at org.springframework.boot.SpringApplication.refresh(SpringApplication.java:758) [spring-boot-2.3.4.RELEASE.jar:2.3.4.RELEASE]
	at org.springframework.boot.SpringApplication.refresh(SpringApplication.java:750) [spring-boot-2.3.4.RELEASE.jar:2.3.4.RELEASE]
	at org.springframework.boot.SpringApplication.refreshContext(SpringApplication.java:397) [spring-boot-2.3.4.RELEASE.jar:2.3.4.RELEASE]
	at org.springframework.boot.SpringApplication.run(SpringApplication.java:315) [spring-boot-2.3.4.RELEASE.jar:2.3.4.RELEASE]
	at org.springframework.boot.SpringApplication.run(SpringApplication.java:1237) [spring-boot-2.3.4.RELEASE.jar:2.3.4.RELEASE]
	at org.springframework.boot.SpringApplication.run(SpringApplication.java:1226) [spring-boot-2.3.4.RELEASE.jar:2.3.4.RELEASE]
	at com.ftx.RainApplication.main(RainApplication.java:18) [classes/:?]
