17:55:43.536 [main] INFO  com.ftx.RainApplication - Starting RainApplication on LAPTOP-OI5LG6OU with PID 17628 (D:\IdeaProjects\Rain平台\Rain\target\classes started by Administrator in D:\IdeaProjects\Rain平台)
17:55:43.574 [main] INFO  com.ftx.RainApplication - No active profile set, falling back to default profiles: default
17:57:44.864 [main] INFO  com.ftx.RainApplication - Starting RainApplication on LAPTOP-OI5LG6OU with PID 19188 (D:\IdeaProjects\Rain平台\Rain\target\classes started by Administrator in D:\IdeaProjects\Rain平台)
17:57:44.874 [main] INFO  com.ftx.RainApplication - No active profile set, falling back to default profiles: default
17:57:47.107 [main] INFO  org.apache.coyote.http11.Http11NioProtocol - Initializing ProtocolHandler ["http-nio-8080"]
17:57:47.108 [main] INFO  org.apache.catalina.core.StandardService - Starting service [Tomcat]
17:57:47.108 [main] INFO  org.apache.catalina.core.StandardEngine - Starting Servlet engine: [Apache Tomcat/9.0.38]
17:57:47.253 [main] INFO  org.apache.catalina.core.ContainerBase.[Tomcat].[localhost].[/] - Initializing Spring embedded WebApplicationContext
17:57:47.566 [main] INFO  org.apache.catalina.core.StandardService - Stopping service [Tomcat]
17:58:46.921 [main] INFO  com.ftx.RainApplication - Starting RainApplication on LAPTOP-OI5LG6OU with PID 17800 (D:\IdeaProjects\Rain平台\Rain\target\classes started by Administrator in D:\IdeaProjects\Rain平台)
17:58:46.930 [main] INFO  com.ftx.RainApplication - No active profile set, falling back to default profiles: default
17:58:49.006 [main] INFO  org.apache.coyote.http11.Http11NioProtocol - Initializing ProtocolHandler ["http-nio-8080"]
17:58:49.007 [main] INFO  org.apache.catalina.core.StandardService - Starting service [Tomcat]
17:58:49.007 [main] INFO  org.apache.catalina.core.StandardEngine - Starting Servlet engine: [Apache Tomcat/9.0.38]
17:58:49.120 [main] INFO  org.apache.catalina.core.ContainerBase.[Tomcat].[localhost].[/] - Initializing Spring embedded WebApplicationContext
17:58:49.299 [main] INFO  org.apache.catalina.core.StandardService - Stopping service [Tomcat]
18:00:55.799 [main] INFO  com.ftx.RainApplication - Starting RainApplication on LAPTOP-OI5LG6OU with PID 3512 (D:\IdeaProjects\Rain平台\Rain\target\classes started by Administrator in D:\IdeaProjects\Rain平台)
18:00:55.809 [main] INFO  com.ftx.RainApplication - No active profile set, falling back to default profiles: default
18:00:57.698 [main] INFO  org.apache.coyote.http11.Http11NioProtocol - Initializing ProtocolHandler ["http-nio-8080"]
18:00:57.698 [main] INFO  org.apache.catalina.core.StandardService - Starting service [Tomcat]
18:00:57.698 [main] INFO  org.apache.catalina.core.StandardEngine - Starting Servlet engine: [Apache Tomcat/9.0.38]
18:00:57.813 [main] INFO  org.apache.catalina.core.ContainerBase.[Tomcat].[localhost].[/] - Initializing Spring embedded WebApplicationContext
18:00:57.981 [main] INFO  org.apache.catalina.core.StandardService - Stopping service [Tomcat]
18:04:46.852 [main] INFO  com.ftx.RainApplication - Starting RainApplication on LAPTOP-OI5LG6OU with PID 6648 (D:\IdeaProjects\Rain平台\Rain\target\classes started by Administrator in D:\IdeaProjects\Rain平台)
18:04:46.861 [main] INFO  com.ftx.RainApplication - No active profile set, falling back to default profiles: default
18:04:48.796 [main] INFO  org.apache.coyote.http11.Http11NioProtocol - Initializing ProtocolHandler ["http-nio-8080"]
18:04:48.796 [main] INFO  org.apache.catalina.core.StandardService - Starting service [Tomcat]
18:04:48.796 [main] INFO  org.apache.catalina.core.StandardEngine - Starting Servlet engine: [Apache Tomcat/9.0.38]
18:04:48.911 [main] INFO  org.apache.catalina.core.ContainerBase.[Tomcat].[localhost].[/] - Initializing Spring embedded WebApplicationContext
18:04:49.081 [main] INFO  org.apache.catalina.core.StandardService - Stopping service [Tomcat]
18:05:12.036 [main] INFO  com.ftx.RainApplication - Starting RainApplication on LAPTOP-OI5LG6OU with PID 16024 (D:\IdeaProjects\Rain平台\Rain\target\classes started by Administrator in D:\IdeaProjects\Rain平台)
18:05:12.045 [main] INFO  com.ftx.RainApplication - No active profile set, falling back to default profiles: default
18:05:13.981 [main] INFO  org.apache.coyote.http11.Http11NioProtocol - Initializing ProtocolHandler ["http-nio-8080"]
18:05:13.982 [main] INFO  org.apache.catalina.core.StandardService - Starting service [Tomcat]
18:05:13.982 [main] INFO  org.apache.catalina.core.StandardEngine - Starting Servlet engine: [Apache Tomcat/9.0.38]
18:05:14.098 [main] INFO  org.apache.catalina.core.ContainerBase.[Tomcat].[localhost].[/] - Initializing Spring embedded WebApplicationContext
18:05:14.282 [main] INFO  org.apache.catalina.core.StandardService - Stopping service [Tomcat]
18:06:30.860 [main] INFO  com.ftx.RainApplication - Starting RainApplication on LAPTOP-OI5LG6OU with PID 2864 (D:\IdeaProjects\Rain平台\Rain\target\classes started by Administrator in D:\IdeaProjects\Rain平台)
18:06:30.869 [main] INFO  com.ftx.RainApplication - No active profile set, falling back to default profiles: default
18:06:32.837 [main] INFO  org.apache.coyote.http11.Http11NioProtocol - Initializing ProtocolHandler ["http-nio-8080"]
18:06:32.838 [main] INFO  org.apache.catalina.core.StandardService - Starting service [Tomcat]
18:06:32.838 [main] INFO  org.apache.catalina.core.StandardEngine - Starting Servlet engine: [Apache Tomcat/9.0.38]
18:06:32.953 [main] INFO  org.apache.catalina.core.ContainerBase.[Tomcat].[localhost].[/] - Initializing Spring embedded WebApplicationContext
18:06:33.127 [main] INFO  org.apache.catalina.core.StandardService - Stopping service [Tomcat]
18:06:56.601 [main] INFO  com.ftx.RainApplication - Starting RainApplication on LAPTOP-OI5LG6OU with PID 10568 (D:\IdeaProjects\Rain平台\Rain\target\classes started by Administrator in D:\IdeaProjects\Rain平台)
18:06:56.612 [main] INFO  com.ftx.RainApplication - No active profile set, falling back to default profiles: default
18:06:58.541 [main] INFO  org.apache.coyote.http11.Http11NioProtocol - Initializing ProtocolHandler ["http-nio-8080"]
18:06:58.541 [main] INFO  org.apache.catalina.core.StandardService - Starting service [Tomcat]
18:06:58.541 [main] INFO  org.apache.catalina.core.StandardEngine - Starting Servlet engine: [Apache Tomcat/9.0.38]
18:06:58.655 [main] INFO  org.apache.catalina.core.ContainerBase.[Tomcat].[localhost].[/] - Initializing Spring embedded WebApplicationContext
18:06:59.287 [main] INFO  springfox.documentation.spring.web.PropertySourcedRequestMappingHandlerMapping - Mapped URL path [/v2/api-docs] onto method [springfox.documentation.swagger2.web.Swagger2Controller#getDocumentation(String, HttpServletRequest)]
18:06:59.751 [main] INFO  org.apache.coyote.http11.Http11NioProtocol - Starting ProtocolHandler ["http-nio-8080"]
18:06:59.779 [main] INFO  springfox.documentation.spring.web.plugins.DocumentationPluginsBootstrapper - Context refreshed
18:06:59.798 [main] INFO  springfox.documentation.spring.web.plugins.DocumentationPluginsBootstrapper - Found 1 custom documentation plugin(s)
18:06:59.830 [main] INFO  springfox.documentation.spring.web.scanners.ApiListingReferenceScanner - Scanning for api listing references
18:06:59.995 [main] INFO  com.ftx.RainApplication - Started RainApplication in 3.972 seconds (JVM running for 7.978)
18:08:00.915 [main] INFO  com.ftx.RainApplication - Starting RainApplication on LAPTOP-OI5LG6OU with PID 2088 (D:\IdeaProjects\Rain平台\Rain\target\classes started by Administrator in D:\IdeaProjects\Rain平台)
18:08:00.925 [main] INFO  com.ftx.RainApplication - No active profile set, falling back to default profiles: default
18:08:02.861 [main] INFO  org.apache.coyote.http11.Http11NioProtocol - Initializing ProtocolHandler ["http-nio-8080"]
18:08:02.861 [main] INFO  org.apache.catalina.core.StandardService - Starting service [Tomcat]
18:08:02.861 [main] INFO  org.apache.catalina.core.StandardEngine - Starting Servlet engine: [Apache Tomcat/9.0.38]
18:08:02.972 [main] INFO  org.apache.catalina.core.ContainerBase.[Tomcat].[localhost].[/] - Initializing Spring embedded WebApplicationContext
18:08:03.137 [main] INFO  org.apache.catalina.core.StandardService - Stopping service [Tomcat]
18:11:27.039 [main] INFO  com.ftx.RainApplication - Starting RainApplication on LAPTOP-OI5LG6OU with PID 9528 (D:\IdeaProjects\Rain平台\Rain\target\classes started by Administrator in D:\IdeaProjects\Rain平台)
18:11:27.052 [main] INFO  com.ftx.RainApplication - No active profile set, falling back to default profiles: default
18:11:29.050 [main] INFO  org.apache.coyote.http11.Http11NioProtocol - Initializing ProtocolHandler ["http-nio-8080"]
18:11:29.051 [main] INFO  org.apache.catalina.core.StandardService - Starting service [Tomcat]
18:11:29.051 [main] INFO  org.apache.catalina.core.StandardEngine - Starting Servlet engine: [Apache Tomcat/9.0.38]
18:11:29.166 [main] INFO  org.apache.catalina.core.ContainerBase.[Tomcat].[localhost].[/] - Initializing Spring embedded WebApplicationContext
18:11:29.334 [main] INFO  org.apache.catalina.core.StandardService - Stopping service [Tomcat]
18:36:19.268 [main] INFO  com.ftx.RainApplication - Starting RainApplication on LAPTOP-OI5LG6OU with PID 10060 (D:\IdeaProjects\Rain平台\Rain\target\classes started by Administrator in D:\IdeaProjects\Rain平台)
18:36:19.278 [main] INFO  com.ftx.RainApplication - No active profile set, falling back to default profiles: default
18:36:21.271 [main] INFO  org.apache.coyote.http11.Http11NioProtocol - Initializing ProtocolHandler ["http-nio-8080"]
18:36:21.272 [main] INFO  org.apache.catalina.core.StandardService - Starting service [Tomcat]
18:36:21.272 [main] INFO  org.apache.catalina.core.StandardEngine - Starting Servlet engine: [Apache Tomcat/9.0.38]
18:36:21.387 [main] INFO  org.apache.catalina.core.ContainerBase.[Tomcat].[localhost].[/] - Initializing Spring embedded WebApplicationContext
18:36:21.561 [main] INFO  org.apache.catalina.core.StandardService - Stopping service [Tomcat]
18:38:33.501 [main] INFO  com.ftx.RainApplication - Starting RainApplication on LAPTOP-OI5LG6OU with PID 9952 (D:\IdeaProjects\Rain平台\Rain\target\classes started by Administrator in D:\IdeaProjects\Rain平台)
18:38:33.511 [main] INFO  com.ftx.RainApplication - No active profile set, falling back to default profiles: default
18:38:35.473 [main] INFO  org.apache.coyote.http11.Http11NioProtocol - Initializing ProtocolHandler ["http-nio-8080"]
18:38:35.474 [main] INFO  org.apache.catalina.core.StandardService - Starting service [Tomcat]
18:38:35.474 [main] INFO  org.apache.catalina.core.StandardEngine - Starting Servlet engine: [Apache Tomcat/9.0.38]
18:38:35.587 [main] INFO  org.apache.catalina.core.ContainerBase.[Tomcat].[localhost].[/] - Initializing Spring embedded WebApplicationContext
18:38:35.767 [main] INFO  org.apache.catalina.core.StandardService - Stopping service [Tomcat]
18:40:23.163 [main] INFO  com.ftx.RainApplication - Starting RainApplication on LAPTOP-OI5LG6OU with PID 15564 (D:\IdeaProjects\Rain平台\Rain\target\classes started by Administrator in D:\IdeaProjects\Rain平台)
18:40:23.174 [main] INFO  com.ftx.RainApplication - No active profile set, falling back to default profiles: default
18:40:25.446 [main] INFO  org.apache.coyote.http11.Http11NioProtocol - Initializing ProtocolHandler ["http-nio-8080"]
18:40:25.446 [main] INFO  org.apache.catalina.core.StandardService - Starting service [Tomcat]
18:40:25.446 [main] INFO  org.apache.catalina.core.StandardEngine - Starting Servlet engine: [Apache Tomcat/9.0.38]
18:40:25.560 [main] INFO  org.apache.catalina.core.ContainerBase.[Tomcat].[localhost].[/] - Initializing Spring embedded WebApplicationContext
18:40:25.733 [main] INFO  org.apache.catalina.core.StandardService - Stopping service [Tomcat]
18:41:55.719 [main] INFO  com.ftx.RainApplication - Starting RainApplication on LAPTOP-OI5LG6OU with PID 17572 (D:\IdeaProjects\Rain平台\Rain\target\classes started by Administrator in D:\IdeaProjects\Rain平台)
18:41:55.728 [main] INFO  com.ftx.RainApplication - No active profile set, falling back to default profiles: default
18:42:56.952 [main] INFO  org.apache.coyote.http11.Http11NioProtocol - Initializing ProtocolHandler ["http-nio-8080"]
18:42:56.953 [main] INFO  org.apache.catalina.core.StandardService - Starting service [Tomcat]
18:42:56.953 [main] INFO  org.apache.catalina.core.StandardEngine - Starting Servlet engine: [Apache Tomcat/9.0.38]
18:42:57.065 [main] INFO  org.apache.catalina.core.ContainerBase.[Tomcat].[localhost].[/] - Initializing Spring embedded WebApplicationContext
18:42:57.240 [main] INFO  org.apache.catalina.core.StandardService - Stopping service [Tomcat]
18:44:02.627 [main] INFO  com.ftx.RainApplication - Starting RainApplication on LAPTOP-OI5LG6OU with PID 18060 (D:\IdeaProjects\Rain平台\Rain\target\classes started by Administrator in D:\IdeaProjects\Rain平台)
18:44:02.637 [main] INFO  com.ftx.RainApplication - No active profile set, falling back to default profiles: default
18:44:05.058 [main] INFO  org.apache.coyote.http11.Http11NioProtocol - Initializing ProtocolHandler ["http-nio-8080"]
18:44:05.058 [main] INFO  org.apache.catalina.core.StandardService - Starting service [Tomcat]
18:44:05.059 [main] INFO  org.apache.catalina.core.StandardEngine - Starting Servlet engine: [Apache Tomcat/9.0.38]
18:44:05.175 [main] INFO  org.apache.catalina.core.ContainerBase.[Tomcat].[localhost].[/] - Initializing Spring embedded WebApplicationContext
18:44:05.772 [main] INFO  springfox.documentation.spring.web.PropertySourcedRequestMappingHandlerMapping - Mapped URL path [/v2/api-docs] onto method [springfox.documentation.swagger2.web.Swagger2Controller#getDocumentation(String, HttpServletRequest)]
18:44:06.177 [main] INFO  org.apache.coyote.http11.Http11NioProtocol - Starting ProtocolHandler ["http-nio-8080"]
18:44:06.204 [main] INFO  springfox.documentation.spring.web.plugins.DocumentationPluginsBootstrapper - Context refreshed
18:44:06.221 [main] INFO  springfox.documentation.spring.web.plugins.DocumentationPluginsBootstrapper - Found 1 custom documentation plugin(s)
18:44:06.251 [main] INFO  springfox.documentation.spring.web.scanners.ApiListingReferenceScanner - Scanning for api listing references
18:44:06.409 [main] INFO  com.ftx.RainApplication - Started RainApplication in 4.415 seconds (JVM running for 8.015)
18:44:19.819 [http-nio-8080-exec-1] INFO  org.apache.catalina.core.ContainerBase.[Tomcat].[localhost].[/] - Initializing Spring DispatcherServlet 'dispatcherServlet'
18:44:19.858 [http-nio-8080-exec-2] INFO  org.apache.shiro.session.mgt.AbstractValidatingSessionManager - Enabling session validation scheduler...
18:54:23.646 [main] INFO  com.ftx.RainApplication - Starting RainApplication on LAPTOP-OI5LG6OU with PID 564 (D:\IdeaProjects\Rain平台\Rain\target\classes started by Administrator in D:\IdeaProjects\Rain平台)
18:54:23.660 [main] INFO  com.ftx.RainApplication - No active profile set, falling back to default profiles: default
18:54:26.317 [main] INFO  org.apache.coyote.http11.Http11NioProtocol - Initializing ProtocolHandler ["http-nio-8080"]
18:54:26.318 [main] INFO  org.apache.catalina.core.StandardService - Starting service [Tomcat]
18:54:26.318 [main] INFO  org.apache.catalina.core.StandardEngine - Starting Servlet engine: [Apache Tomcat/9.0.38]
18:54:26.443 [main] INFO  org.apache.catalina.core.ContainerBase.[Tomcat].[localhost].[/] - Initializing Spring embedded WebApplicationContext
18:54:27.066 [main] INFO  springfox.documentation.spring.web.PropertySourcedRequestMappingHandlerMapping - Mapped URL path [/v2/api-docs] onto method [springfox.documentation.swagger2.web.Swagger2Controller#getDocumentation(String, HttpServletRequest)]
18:54:27.462 [main] INFO  org.apache.coyote.http11.Http11NioProtocol - Starting ProtocolHandler ["http-nio-8080"]
18:54:27.492 [main] INFO  springfox.documentation.spring.web.plugins.DocumentationPluginsBootstrapper - Context refreshed
18:54:27.510 [main] INFO  springfox.documentation.spring.web.plugins.DocumentationPluginsBootstrapper - Found 1 custom documentation plugin(s)
18:54:27.549 [main] INFO  springfox.documentation.spring.web.scanners.ApiListingReferenceScanner - Scanning for api listing references
18:54:27.708 [main] INFO  com.ftx.RainApplication - Started RainApplication in 4.639 seconds (JVM running for 8.257)
18:54:55.003 [http-nio-8080-exec-1] INFO  org.apache.catalina.core.ContainerBase.[Tomcat].[localhost].[/] - Initializing Spring DispatcherServlet 'dispatcherServlet'
18:54:55.029 [http-nio-8080-exec-1] INFO  org.apache.shiro.session.mgt.AbstractValidatingSessionManager - Enabling session validation scheduler...
18:55:05.787 [http-nio-8080-exec-4] ERROR com.ftx.authentication.rainshiro.shiro.ShiroLoginFilter - 获取token失败
18:55:05.799 [http-nio-8080-exec-4] ERROR org.apache.catalina.core.ContainerBase.[Tomcat].[localhost].[/].[dispatcherServlet] - Servlet.service() for servlet [dispatcherServlet] in context with path [] threw exception [com.ftx.authentication.rainshiro.utils.TokenException: token失效，请重新登录] with root cause
com.ftx.authentication.rainshiro.utils.TokenException: token失效，请重新登录
	at com.ftx.authentication.rainshiro.shiro.ShiroLoginFilter.isAccessAllowed(ShiroLoginFilter.java:113) ~[rain-shiro-1.6.jar:0.0.1-SNAPSHOT]
	at org.apache.shiro.web.filter.AccessControlFilter.onPreHandle(AccessControlFilter.java:162) ~[shiro-web-1.4.1.jar:1.4.1]
	at com.ftx.authentication.rainshiro.shiro.ShiroLoginFilter.onPreHandle(ShiroLoginFilter.java:73) ~[rain-shiro-1.6.jar:0.0.1-SNAPSHOT]
	at org.apache.shiro.web.filter.PathMatchingFilter.isFilterChainContinued(PathMatchingFilter.java:203) ~[shiro-web-1.4.1.jar:1.4.1]
	at org.apache.shiro.web.filter.PathMatchingFilter.preHandle(PathMatchingFilter.java:178) ~[shiro-web-1.4.1.jar:1.4.1]
	at org.apache.shiro.web.servlet.AdviceFilter.doFilterInternal(AdviceFilter.java:131) ~[shiro-web-1.4.1.jar:1.4.1]
	at org.apache.shiro.web.servlet.OncePerRequestFilter.doFilter(OncePerRequestFilter.java:125) ~[shiro-web-1.4.1.jar:1.4.1]
	at org.apache.shiro.web.servlet.ProxiedFilterChain.doFilter(ProxiedFilterChain.java:66) ~[shiro-web-1.4.1.jar:1.4.1]
	at org.apache.shiro.web.servlet.AbstractShiroFilter.executeChain(AbstractShiroFilter.java:449) ~[shiro-web-1.4.1.jar:1.4.1]
	at org.apache.shiro.web.servlet.AbstractShiroFilter$1.call(AbstractShiroFilter.java:365) ~[shiro-web-1.4.1.jar:1.4.1]
	at org.apache.shiro.subject.support.SubjectCallable.doCall(SubjectCallable.java:90) ~[shiro-core-1.4.1.jar:1.4.1]
	at org.apache.shiro.subject.support.SubjectCallable.call(SubjectCallable.java:83) ~[shiro-core-1.4.1.jar:1.4.1]
	at org.apache.shiro.subject.support.DelegatingSubject.execute(DelegatingSubject.java:387) ~[shiro-core-1.4.1.jar:1.4.1]
	at org.apache.shiro.web.servlet.AbstractShiroFilter.doFilterInternal(AbstractShiroFilter.java:362) ~[shiro-web-1.4.1.jar:1.4.1]
	at org.apache.shiro.web.servlet.OncePerRequestFilter.doFilter(OncePerRequestFilter.java:125) ~[shiro-web-1.4.1.jar:1.4.1]
	at org.apache.catalina.core.ApplicationFilterChain.internalDoFilter(ApplicationFilterChain.java:193) ~[tomcat-embed-core-9.0.38.jar:9.0.38]
	at org.apache.catalina.core.ApplicationFilterChain.doFilter(ApplicationFilterChain.java:166) ~[tomcat-embed-core-9.0.38.jar:9.0.38]
	at org.apache.shiro.web.servlet.AdviceFilter.executeChain(AdviceFilter.java:108) ~[shiro-web-1.4.1.jar:1.4.1]
	at org.apache.shiro.web.servlet.AdviceFilter.doFilterInternal(AdviceFilter.java:137) ~[shiro-web-1.4.1.jar:1.4.1]
	at org.apache.shiro.web.servlet.OncePerRequestFilter.doFilter(OncePerRequestFilter.java:125) ~[shiro-web-1.4.1.jar:1.4.1]
	at org.apache.catalina.core.ApplicationFilterChain.internalDoFilter(ApplicationFilterChain.java:193) ~[tomcat-embed-core-9.0.38.jar:9.0.38]
	at org.apache.catalina.core.ApplicationFilterChain.doFilter(ApplicationFilterChain.java:166) ~[tomcat-embed-core-9.0.38.jar:9.0.38]
	at org.springframework.web.filter.RequestContextFilter.doFilterInternal(RequestContextFilter.java:100) ~[spring-web-5.2.9.RELEASE.jar:5.2.9.RELEASE]
	at org.springframework.web.filter.OncePerRequestFilter.doFilter(OncePerRequestFilter.java:119) ~[spring-web-5.2.9.RELEASE.jar:5.2.9.RELEASE]
	at org.apache.catalina.core.ApplicationFilterChain.internalDoFilter(ApplicationFilterChain.java:193) ~[tomcat-embed-core-9.0.38.jar:9.0.38]
	at org.apache.catalina.core.ApplicationFilterChain.doFilter(ApplicationFilterChain.java:166) ~[tomcat-embed-core-9.0.38.jar:9.0.38]
	at org.springframework.web.filter.FormContentFilter.doFilterInternal(FormContentFilter.java:93) ~[spring-web-5.2.9.RELEASE.jar:5.2.9.RELEASE]
	at org.springframework.web.filter.OncePerRequestFilter.doFilter(OncePerRequestFilter.java:119) ~[spring-web-5.2.9.RELEASE.jar:5.2.9.RELEASE]
	at org.apache.catalina.core.ApplicationFilterChain.internalDoFilter(ApplicationFilterChain.java:193) ~[tomcat-embed-core-9.0.38.jar:9.0.38]
	at org.apache.catalina.core.ApplicationFilterChain.doFilter(ApplicationFilterChain.java:166) ~[tomcat-embed-core-9.0.38.jar:9.0.38]
	at org.springframework.web.filter.CharacterEncodingFilter.doFilterInternal(CharacterEncodingFilter.java:201) ~[spring-web-5.2.9.RELEASE.jar:5.2.9.RELEASE]
	at org.springframework.web.filter.OncePerRequestFilter.doFilter(OncePerRequestFilter.java:119) ~[spring-web-5.2.9.RELEASE.jar:5.2.9.RELEASE]
	at org.apache.catalina.core.ApplicationFilterChain.internalDoFilter(ApplicationFilterChain.java:193) ~[tomcat-embed-core-9.0.38.jar:9.0.38]
	at org.apache.catalina.core.ApplicationFilterChain.doFilter(ApplicationFilterChain.java:166) ~[tomcat-embed-core-9.0.38.jar:9.0.38]
	at org.apache.catalina.core.StandardWrapperValve.invoke(StandardWrapperValve.java:202) [tomcat-embed-core-9.0.38.jar:9.0.38]
	at org.apache.catalina.core.StandardContextValve.__invoke(StandardContextValve.java:97) [tomcat-embed-core-9.0.38.jar:9.0.38]
	at org.apache.catalina.core.StandardContextValve.invoke(StandardContextValve.java:41002) [tomcat-embed-core-9.0.38.jar:9.0.38]
	at org.apache.catalina.authenticator.AuthenticatorBase.invoke(AuthenticatorBase.java:541) [tomcat-embed-core-9.0.38.jar:9.0.38]
	at org.apache.catalina.core.StandardHostValve.invoke(StandardHostValve.java:143) [tomcat-embed-core-9.0.38.jar:9.0.38]
	at org.apache.catalina.valves.ErrorReportValve.invoke(ErrorReportValve.java:92) [tomcat-embed-core-9.0.38.jar:9.0.38]
	at org.apache.catalina.core.StandardEngineValve.invoke(StandardEngineValve.java:78) [tomcat-embed-core-9.0.38.jar:9.0.38]
	at org.apache.catalina.connector.CoyoteAdapter.service(CoyoteAdapter.java:343) [tomcat-embed-core-9.0.38.jar:9.0.38]
	at org.apache.coyote.http11.Http11Processor.service(Http11Processor.java:374) [tomcat-embed-core-9.0.38.jar:9.0.38]
	at org.apache.coyote.AbstractProcessorLight.process(AbstractProcessorLight.java:65) [tomcat-embed-core-9.0.38.jar:9.0.38]
	at org.apache.coyote.AbstractProtocol$ConnectionHandler.process(AbstractProtocol.java:868) [tomcat-embed-core-9.0.38.jar:9.0.38]
	at org.apache.tomcat.util.net.NioEndpoint$SocketProcessor.doRun(NioEndpoint.java:1590) [tomcat-embed-core-9.0.38.jar:9.0.38]
	at org.apache.tomcat.util.net.SocketProcessorBase.run(SocketProcessorBase.java:49) [tomcat-embed-core-9.0.38.jar:9.0.38]
	at java.util.concurrent.ThreadPoolExecutor.runWorker(ThreadPoolExecutor.java:1149) [?:1.8.0_191]
	at java.util.concurrent.ThreadPoolExecutor$Worker.run(ThreadPoolExecutor.java:624) [?:1.8.0_191]
	at org.apache.tomcat.util.threads.TaskThread$WrappingRunnable.run(TaskThread.java:61) [tomcat-embed-core-9.0.38.jar:9.0.38]
	at java.lang.Thread.run(Thread.java:748) [?:1.8.0_191]
18:55:24.178 [main] INFO  com.ftx.RainApplication - Starting RainApplication on LAPTOP-OI5LG6OU with PID 15184 (D:\IdeaProjects\Rain平台\Rain\target\classes started by Administrator in D:\IdeaProjects\Rain平台)
18:55:24.193 [main] INFO  com.ftx.RainApplication - No active profile set, falling back to default profiles: default
18:55:26.363 [main] INFO  org.apache.coyote.http11.Http11NioProtocol - Initializing ProtocolHandler ["http-nio-8080"]
18:55:26.363 [main] INFO  org.apache.catalina.core.StandardService - Starting service [Tomcat]
18:55:26.363 [main] INFO  org.apache.catalina.core.StandardEngine - Starting Servlet engine: [Apache Tomcat/9.0.38]
18:55:26.476 [main] INFO  org.apache.catalina.core.ContainerBase.[Tomcat].[localhost].[/] - Initializing Spring embedded WebApplicationContext
18:55:27.114 [main] INFO  springfox.documentation.spring.web.PropertySourcedRequestMappingHandlerMapping - Mapped URL path [/v2/api-docs] onto method [springfox.documentation.swagger2.web.Swagger2Controller#getDocumentation(String, HttpServletRequest)]
18:55:27.508 [main] INFO  org.apache.coyote.http11.Http11NioProtocol - Starting ProtocolHandler ["http-nio-8080"]
18:55:27.534 [main] INFO  springfox.documentation.spring.web.plugins.DocumentationPluginsBootstrapper - Context refreshed
18:55:27.551 [main] INFO  springfox.documentation.spring.web.plugins.DocumentationPluginsBootstrapper - Found 1 custom documentation plugin(s)
18:55:27.582 [main] INFO  springfox.documentation.spring.web.scanners.ApiListingReferenceScanner - Scanning for api listing references
18:55:27.736 [main] INFO  com.ftx.RainApplication - Started RainApplication in 4.269 seconds (JVM running for 8.105)
18:57:09.467 [main] INFO  com.ftx.RainApplication - Starting RainApplication on LAPTOP-OI5LG6OU with PID 18128 (D:\IdeaProjects\Rain平台\Rain\target\classes started by Administrator in D:\IdeaProjects\Rain平台)
18:57:09.477 [main] INFO  com.ftx.RainApplication - No active profile set, falling back to default profiles: default
18:57:11.456 [main] INFO  org.apache.coyote.http11.Http11NioProtocol - Initializing ProtocolHandler ["http-nio-8080"]
18:57:11.456 [main] INFO  org.apache.catalina.core.StandardService - Starting service [Tomcat]
18:57:11.456 [main] INFO  org.apache.catalina.core.StandardEngine - Starting Servlet engine: [Apache Tomcat/9.0.38]
18:57:11.571 [main] INFO  org.apache.catalina.core.ContainerBase.[Tomcat].[localhost].[/] - Initializing Spring embedded WebApplicationContext
18:58:30.648 [main] INFO  springfox.documentation.spring.web.PropertySourcedRequestMappingHandlerMapping - Mapped URL path [/v2/api-docs] onto method [springfox.documentation.swagger2.web.Swagger2Controller#getDocumentation(String, HttpServletRequest)]
18:58:31.049 [main] INFO  org.apache.coyote.http11.Http11NioProtocol - Starting ProtocolHandler ["http-nio-8080"]
18:58:31.077 [main] INFO  springfox.documentation.spring.web.plugins.DocumentationPluginsBootstrapper - Context refreshed
18:58:31.094 [main] INFO  springfox.documentation.spring.web.plugins.DocumentationPluginsBootstrapper - Found 1 custom documentation plugin(s)
18:58:31.124 [main] INFO  springfox.documentation.spring.web.scanners.ApiListingReferenceScanner - Scanning for api listing references
18:58:31.281 [main] INFO  com.ftx.RainApplication - Started RainApplication in 82.701 seconds (JVM running for 86.462)
