18:36:16.724 [main] ERROR cn.zifangsky.license.LicenseVerify - 证书安装失败！
de.schlichtherle.license.LicenseContentException: exc.licenseHasExpired
	at de.schlichtherle.license.LicenseManager.validate(LicenseManager.java:629) ~[truelicense-core-1.33.jar:?]
	at cn.zifangsky.license.CustomLicenseManager.validate(CustomLicenseManager.java:153) ~[rain-license-1.1.jar:0.0.1-SNAPSHOT]
	at cn.zifangsky.license.CustomLicenseManager.install(CustomLicenseManager.java:80) ~[rain-license-1.1.jar:0.0.1-SNAPSHOT]
	at de.schlichtherle.license.LicenseManager.install(LicenseManager.java:406) ~[truelicense-core-1.33.jar:?]
	at de.schlichtherle.license.LicenseManager.install(LicenseManager.java:382) ~[truelicense-core-1.33.jar:?]
	at cn.zifangsky.license.LicenseVerify.install(LicenseVerify.java:38) [rain-license-1.1.jar:0.0.1-SNAPSHOT]
	at cn.zifangsky.license.LicenseCheckListener.onApplicationEvent(LicenseCheckListener.java:70) [rain-license-1.1.jar:0.0.1-SNAPSHOT]
	at cn.zifangsky.license.LicenseCheckListener.onApplicationEvent(LicenseCheckListener.java:19) [rain-license-1.1.jar:0.0.1-SNAPSHOT]
	at org.springframework.context.event.SimpleApplicationEventMulticaster.doInvokeListener(SimpleApplicationEventMulticaster.java:172) [spring-context-5.2.9.RELEASE.jar:5.2.9.RELEASE]
	at org.springframework.context.event.SimpleApplicationEventMulticaster.invokeListener(SimpleApplicationEventMulticaster.java:165) [spring-context-5.2.9.RELEASE.jar:5.2.9.RELEASE]
	at org.springframework.context.event.SimpleApplicationEventMulticaster.multicastEvent(SimpleApplicationEventMulticaster.java:139) [spring-context-5.2.9.RELEASE.jar:5.2.9.RELEASE]
	at org.springframework.context.support.AbstractApplicationContext.publishEvent(AbstractApplicationContext.java:404) [spring-context-5.2.9.RELEASE.jar:5.2.9.RELEASE]
	at org.springframework.context.support.AbstractApplicationContext.publishEvent(AbstractApplicationContext.java:361) [spring-context-5.2.9.RELEASE.jar:5.2.9.RELEASE]
	at org.springframework.context.support.AbstractApplicationContext.finishRefresh(AbstractApplicationContext.java:898) [spring-context-5.2.9.RELEASE.jar:5.2.9.RELEASE]
	at org.springframework.context.support.AbstractApplicationContext.__refresh(AbstractApplicationContext.java:554) [spring-context-5.2.9.RELEASE.jar:5.2.9.RELEASE]
	at org.springframework.context.support.AbstractApplicationContext.jrLockAndRefresh(AbstractApplicationContext.java:40002) [spring-context-5.2.9.RELEASE.jar:5.2.9.RELEASE]
	at org.springframework.context.support.AbstractApplicationContext.refresh(AbstractApplicationContext.java:41008) [spring-context-5.2.9.RELEASE.jar:5.2.9.RELEASE]
	at org.springframework.boot.web.servlet.context.ServletWebServerApplicationContext.refresh(ServletWebServerApplicationContext.java:143) [spring-boot-2.3.4.RELEASE.jar:2.3.4.RELEASE]
	at org.springframework.boot.SpringApplication.refresh(SpringApplication.java:758) [spring-boot-2.3.4.RELEASE.jar:2.3.4.RELEASE]
	at org.springframework.boot.SpringApplication.refresh(SpringApplication.java:750) [spring-boot-2.3.4.RELEASE.jar:2.3.4.RELEASE]
	at org.springframework.boot.SpringApplication.refreshContext(SpringApplication.java:397) [spring-boot-2.3.4.RELEASE.jar:2.3.4.RELEASE]
	at org.springframework.boot.SpringApplication.run(SpringApplication.java:315) [spring-boot-2.3.4.RELEASE.jar:2.3.4.RELEASE]
	at org.springframework.boot.SpringApplication.run(SpringApplication.java:1237) [spring-boot-2.3.4.RELEASE.jar:2.3.4.RELEASE]
	at org.springframework.boot.SpringApplication.run(SpringApplication.java:1226) [spring-boot-2.3.4.RELEASE.jar:2.3.4.RELEASE]
	at com.ftx.RainApplication.main(RainApplication.java:19) [classes/:?]
18:50:57.073 [http-nio-8080-exec-6] ERROR com.ftx.authentication.rainshiro.shiro.ShiroLoginFilter - 获取token失败
18:50:57.076 [http-nio-8080-exec-6] ERROR org.apache.catalina.core.ContainerBase.[Tomcat].[localhost].[/].[dispatcherServlet] - Servlet.service() for servlet [dispatcherServlet] in context with path [] threw exception [com.ftx.authentication.rainshiro.utils.TokenException: token失效，请重新登录] with root cause
com.ftx.authentication.rainshiro.utils.TokenException: token失效，请重新登录
	at com.ftx.authentication.rainshiro.shiro.ShiroLoginFilter.isAccessAllowed(ShiroLoginFilter.java:113) ~[rain-shiro-2.1.jar:0.0.1-SNAPSHOT]
	at org.apache.shiro.web.filter.AccessControlFilter.onPreHandle(AccessControlFilter.java:162) ~[shiro-web-1.4.1.jar:1.4.1]
	at com.ftx.authentication.rainshiro.shiro.ShiroLoginFilter.onPreHandle(ShiroLoginFilter.java:73) ~[rain-shiro-2.1.jar:0.0.1-SNAPSHOT]
	at org.apache.shiro.web.filter.PathMatchingFilter.isFilterChainContinued(PathMatchingFilter.java:203) ~[shiro-web-1.4.1.jar:1.4.1]
	at org.apache.shiro.web.filter.PathMatchingFilter.preHandle(PathMatchingFilter.java:178) ~[shiro-web-1.4.1.jar:1.4.1]
	at org.apache.shiro.web.servlet.AdviceFilter.doFilterInternal(AdviceFilter.java:131) ~[shiro-web-1.4.1.jar:1.4.1]
	at org.apache.shiro.web.servlet.OncePerRequestFilter.doFilter(OncePerRequestFilter.java:125) ~[shiro-web-1.4.1.jar:1.4.1]
	at org.apache.shiro.web.servlet.ProxiedFilterChain.doFilter(ProxiedFilterChain.java:66) ~[shiro-web-1.4.1.jar:1.4.1]
	at org.apache.shiro.web.servlet.AbstractShiroFilter.executeChain(AbstractShiroFilter.java:449) ~[shiro-web-1.4.1.jar:1.4.1]
	at org.apache.shiro.web.servlet.AbstractShiroFilter$1.call(AbstractShiroFilter.java:365) ~[shiro-web-1.4.1.jar:1.4.1]
	at org.apache.shiro.subject.support.SubjectCallable.doCall(SubjectCallable.java:90) ~[shiro-core-1.4.1.jar:1.4.1]
	at org.apache.shiro.subject.support.SubjectCallable.call(SubjectCallable.java:83) ~[shiro-core-1.4.1.jar:1.4.1]
	at org.apache.shiro.subject.support.DelegatingSubject.execute(DelegatingSubject.java:387) ~[shiro-core-1.4.1.jar:1.4.1]
	at org.apache.shiro.web.servlet.AbstractShiroFilter.doFilterInternal(AbstractShiroFilter.java:362) ~[shiro-web-1.4.1.jar:1.4.1]
	at org.apache.shiro.web.servlet.OncePerRequestFilter.doFilter(OncePerRequestFilter.java:125) ~[shiro-web-1.4.1.jar:1.4.1]
	at org.apache.catalina.core.ApplicationFilterChain.internalDoFilter(ApplicationFilterChain.java:193) ~[tomcat-embed-core-9.0.38.jar:9.0.38]
	at org.apache.catalina.core.ApplicationFilterChain.doFilter(ApplicationFilterChain.java:166) ~[tomcat-embed-core-9.0.38.jar:9.0.38]
	at org.apache.shiro.web.servlet.AdviceFilter.executeChain(AdviceFilter.java:108) ~[shiro-web-1.4.1.jar:1.4.1]
	at org.apache.shiro.web.servlet.AdviceFilter.doFilterInternal(AdviceFilter.java:137) ~[shiro-web-1.4.1.jar:1.4.1]
	at org.apache.shiro.web.servlet.OncePerRequestFilter.doFilter(OncePerRequestFilter.java:125) ~[shiro-web-1.4.1.jar:1.4.1]
	at org.apache.catalina.core.ApplicationFilterChain.internalDoFilter(ApplicationFilterChain.java:193) ~[tomcat-embed-core-9.0.38.jar:9.0.38]
	at org.apache.catalina.core.ApplicationFilterChain.doFilter(ApplicationFilterChain.java:166) ~[tomcat-embed-core-9.0.38.jar:9.0.38]
	at org.springframework.web.filter.RequestContextFilter.doFilterInternal(RequestContextFilter.java:100) ~[spring-web-5.2.9.RELEASE.jar:5.2.9.RELEASE]
	at org.springframework.web.filter.OncePerRequestFilter.doFilter(OncePerRequestFilter.java:119) ~[spring-web-5.2.9.RELEASE.jar:5.2.9.RELEASE]
	at org.apache.catalina.core.ApplicationFilterChain.internalDoFilter(ApplicationFilterChain.java:193) ~[tomcat-embed-core-9.0.38.jar:9.0.38]
	at org.apache.catalina.core.ApplicationFilterChain.doFilter(ApplicationFilterChain.java:166) ~[tomcat-embed-core-9.0.38.jar:9.0.38]
	at org.springframework.web.filter.FormContentFilter.doFilterInternal(FormContentFilter.java:93) ~[spring-web-5.2.9.RELEASE.jar:5.2.9.RELEASE]
	at org.springframework.web.filter.OncePerRequestFilter.doFilter(OncePerRequestFilter.java:119) ~[spring-web-5.2.9.RELEASE.jar:5.2.9.RELEASE]
	at org.apache.catalina.core.ApplicationFilterChain.internalDoFilter(ApplicationFilterChain.java:193) ~[tomcat-embed-core-9.0.38.jar:9.0.38]
	at org.apache.catalina.core.ApplicationFilterChain.doFilter(ApplicationFilterChain.java:166) ~[tomcat-embed-core-9.0.38.jar:9.0.38]
	at org.springframework.web.filter.CharacterEncodingFilter.doFilterInternal(CharacterEncodingFilter.java:201) ~[spring-web-5.2.9.RELEASE.jar:5.2.9.RELEASE]
	at org.springframework.web.filter.OncePerRequestFilter.doFilter(OncePerRequestFilter.java:119) ~[spring-web-5.2.9.RELEASE.jar:5.2.9.RELEASE]
	at org.apache.catalina.core.ApplicationFilterChain.internalDoFilter(ApplicationFilterChain.java:193) ~[tomcat-embed-core-9.0.38.jar:9.0.38]
	at org.apache.catalina.core.ApplicationFilterChain.doFilter(ApplicationFilterChain.java:166) ~[tomcat-embed-core-9.0.38.jar:9.0.38]
	at org.apache.catalina.core.StandardWrapperValve.invoke(StandardWrapperValve.java:202) [tomcat-embed-core-9.0.38.jar:9.0.38]
	at org.apache.catalina.core.StandardContextValve.__invoke(StandardContextValve.java:97) [tomcat-embed-core-9.0.38.jar:9.0.38]
	at org.apache.catalina.core.StandardContextValve.invoke(StandardContextValve.java:41002) [tomcat-embed-core-9.0.38.jar:9.0.38]
	at org.apache.catalina.authenticator.AuthenticatorBase.invoke(AuthenticatorBase.java:541) [tomcat-embed-core-9.0.38.jar:9.0.38]
	at org.apache.catalina.core.StandardHostValve.invoke(StandardHostValve.java:143) [tomcat-embed-core-9.0.38.jar:9.0.38]
	at org.apache.catalina.valves.ErrorReportValve.invoke(ErrorReportValve.java:92) [tomcat-embed-core-9.0.38.jar:9.0.38]
	at org.apache.catalina.core.StandardEngineValve.invoke(StandardEngineValve.java:78) [tomcat-embed-core-9.0.38.jar:9.0.38]
	at org.apache.catalina.connector.CoyoteAdapter.service(CoyoteAdapter.java:343) [tomcat-embed-core-9.0.38.jar:9.0.38]
	at org.apache.coyote.http11.Http11Processor.service(Http11Processor.java:374) [tomcat-embed-core-9.0.38.jar:9.0.38]
	at org.apache.coyote.AbstractProcessorLight.process(AbstractProcessorLight.java:65) [tomcat-embed-core-9.0.38.jar:9.0.38]
	at org.apache.coyote.AbstractProtocol$ConnectionHandler.process(AbstractProtocol.java:868) [tomcat-embed-core-9.0.38.jar:9.0.38]
	at org.apache.tomcat.util.net.NioEndpoint$SocketProcessor.doRun(NioEndpoint.java:1590) [tomcat-embed-core-9.0.38.jar:9.0.38]
	at org.apache.tomcat.util.net.SocketProcessorBase.run(SocketProcessorBase.java:49) [tomcat-embed-core-9.0.38.jar:9.0.38]
	at java.util.concurrent.ThreadPoolExecutor.runWorker(ThreadPoolExecutor.java:1149) [?:1.8.0_191]
	at java.util.concurrent.ThreadPoolExecutor$Worker.run(ThreadPoolExecutor.java:624) [?:1.8.0_191]
	at org.apache.tomcat.util.threads.TaskThread$WrappingRunnable.run(TaskThread.java:61) [tomcat-embed-core-9.0.38.jar:9.0.38]
	at java.lang.Thread.run(Thread.java:748) [?:1.8.0_191]
18:52:00.352 [http-nio-8080-exec-5] ERROR com.ftx.authentication.rainshiro.shiro.ShiroLoginFilter - 获取token失败
18:52:00.356 [http-nio-8080-exec-5] ERROR org.apache.catalina.core.ContainerBase.[Tomcat].[localhost].[/].[dispatcherServlet] - Servlet.service() for servlet [dispatcherServlet] in context with path [] threw exception [com.ftx.authentication.rainshiro.utils.TokenException: token失效，请重新登录] with root cause
com.ftx.authentication.rainshiro.utils.TokenException: token失效，请重新登录
	at com.ftx.authentication.rainshiro.shiro.ShiroLoginFilter.isAccessAllowed(ShiroLoginFilter.java:113) ~[rain-shiro-2.1.jar:0.0.1-SNAPSHOT]
	at org.apache.shiro.web.filter.AccessControlFilter.onPreHandle(AccessControlFilter.java:162) ~[shiro-web-1.4.1.jar:1.4.1]
	at com.ftx.authentication.rainshiro.shiro.ShiroLoginFilter.onPreHandle(ShiroLoginFilter.java:73) ~[rain-shiro-2.1.jar:0.0.1-SNAPSHOT]
	at org.apache.shiro.web.filter.PathMatchingFilter.isFilterChainContinued(PathMatchingFilter.java:203) ~[shiro-web-1.4.1.jar:1.4.1]
	at org.apache.shiro.web.filter.PathMatchingFilter.preHandle(PathMatchingFilter.java:178) ~[shiro-web-1.4.1.jar:1.4.1]
	at org.apache.shiro.web.servlet.AdviceFilter.doFilterInternal(AdviceFilter.java:131) ~[shiro-web-1.4.1.jar:1.4.1]
	at org.apache.shiro.web.servlet.OncePerRequestFilter.doFilter(OncePerRequestFilter.java:125) ~[shiro-web-1.4.1.jar:1.4.1]
	at org.apache.shiro.web.servlet.ProxiedFilterChain.doFilter(ProxiedFilterChain.java:66) ~[shiro-web-1.4.1.jar:1.4.1]
	at org.apache.shiro.web.servlet.AbstractShiroFilter.executeChain(AbstractShiroFilter.java:449) ~[shiro-web-1.4.1.jar:1.4.1]
	at org.apache.shiro.web.servlet.AbstractShiroFilter$1.call(AbstractShiroFilter.java:365) ~[shiro-web-1.4.1.jar:1.4.1]
	at org.apache.shiro.subject.support.SubjectCallable.doCall(SubjectCallable.java:90) ~[shiro-core-1.4.1.jar:1.4.1]
	at org.apache.shiro.subject.support.SubjectCallable.call(SubjectCallable.java:83) ~[shiro-core-1.4.1.jar:1.4.1]
	at org.apache.shiro.subject.support.DelegatingSubject.execute(DelegatingSubject.java:387) ~[shiro-core-1.4.1.jar:1.4.1]
	at org.apache.shiro.web.servlet.AbstractShiroFilter.doFilterInternal(AbstractShiroFilter.java:362) ~[shiro-web-1.4.1.jar:1.4.1]
	at org.apache.shiro.web.servlet.OncePerRequestFilter.doFilter(OncePerRequestFilter.java:125) ~[shiro-web-1.4.1.jar:1.4.1]
	at org.apache.catalina.core.ApplicationFilterChain.internalDoFilter(ApplicationFilterChain.java:193) ~[tomcat-embed-core-9.0.38.jar:9.0.38]
	at org.apache.catalina.core.ApplicationFilterChain.doFilter(ApplicationFilterChain.java:166) ~[tomcat-embed-core-9.0.38.jar:9.0.38]
	at org.apache.shiro.web.servlet.AdviceFilter.executeChain(AdviceFilter.java:108) ~[shiro-web-1.4.1.jar:1.4.1]
	at org.apache.shiro.web.servlet.AdviceFilter.doFilterInternal(AdviceFilter.java:137) ~[shiro-web-1.4.1.jar:1.4.1]
	at org.apache.shiro.web.servlet.OncePerRequestFilter.doFilter(OncePerRequestFilter.java:125) ~[shiro-web-1.4.1.jar:1.4.1]
	at org.apache.catalina.core.ApplicationFilterChain.internalDoFilter(ApplicationFilterChain.java:193) ~[tomcat-embed-core-9.0.38.jar:9.0.38]
	at org.apache.catalina.core.ApplicationFilterChain.doFilter(ApplicationFilterChain.java:166) ~[tomcat-embed-core-9.0.38.jar:9.0.38]
	at org.springframework.web.filter.RequestContextFilter.doFilterInternal(RequestContextFilter.java:100) ~[spring-web-5.2.9.RELEASE.jar:5.2.9.RELEASE]
	at org.springframework.web.filter.OncePerRequestFilter.doFilter(OncePerRequestFilter.java:119) ~[spring-web-5.2.9.RELEASE.jar:5.2.9.RELEASE]
	at org.apache.catalina.core.ApplicationFilterChain.internalDoFilter(ApplicationFilterChain.java:193) ~[tomcat-embed-core-9.0.38.jar:9.0.38]
	at org.apache.catalina.core.ApplicationFilterChain.doFilter(ApplicationFilterChain.java:166) ~[tomcat-embed-core-9.0.38.jar:9.0.38]
	at org.springframework.web.filter.FormContentFilter.doFilterInternal(FormContentFilter.java:93) ~[spring-web-5.2.9.RELEASE.jar:5.2.9.RELEASE]
	at org.springframework.web.filter.OncePerRequestFilter.doFilter(OncePerRequestFilter.java:119) ~[spring-web-5.2.9.RELEASE.jar:5.2.9.RELEASE]
	at org.apache.catalina.core.ApplicationFilterChain.internalDoFilter(ApplicationFilterChain.java:193) ~[tomcat-embed-core-9.0.38.jar:9.0.38]
	at org.apache.catalina.core.ApplicationFilterChain.doFilter(ApplicationFilterChain.java:166) ~[tomcat-embed-core-9.0.38.jar:9.0.38]
	at org.springframework.web.filter.CharacterEncodingFilter.doFilterInternal(CharacterEncodingFilter.java:201) ~[spring-web-5.2.9.RELEASE.jar:5.2.9.RELEASE]
	at org.springframework.web.filter.OncePerRequestFilter.doFilter(OncePerRequestFilter.java:119) ~[spring-web-5.2.9.RELEASE.jar:5.2.9.RELEASE]
	at org.apache.catalina.core.ApplicationFilterChain.internalDoFilter(ApplicationFilterChain.java:193) ~[tomcat-embed-core-9.0.38.jar:9.0.38]
	at org.apache.catalina.core.ApplicationFilterChain.doFilter(ApplicationFilterChain.java:166) ~[tomcat-embed-core-9.0.38.jar:9.0.38]
	at org.apache.catalina.core.StandardWrapperValve.invoke(StandardWrapperValve.java:202) [tomcat-embed-core-9.0.38.jar:9.0.38]
	at org.apache.catalina.core.StandardContextValve.__invoke(StandardContextValve.java:97) [tomcat-embed-core-9.0.38.jar:9.0.38]
	at org.apache.catalina.core.StandardContextValve.invoke(StandardContextValve.java:41002) [tomcat-embed-core-9.0.38.jar:9.0.38]
	at org.apache.catalina.authenticator.AuthenticatorBase.invoke(AuthenticatorBase.java:541) [tomcat-embed-core-9.0.38.jar:9.0.38]
	at org.apache.catalina.core.StandardHostValve.invoke(StandardHostValve.java:143) [tomcat-embed-core-9.0.38.jar:9.0.38]
	at org.apache.catalina.valves.ErrorReportValve.invoke(ErrorReportValve.java:92) [tomcat-embed-core-9.0.38.jar:9.0.38]
	at org.apache.catalina.core.StandardEngineValve.invoke(StandardEngineValve.java:78) [tomcat-embed-core-9.0.38.jar:9.0.38]
	at org.apache.catalina.connector.CoyoteAdapter.service(CoyoteAdapter.java:343) [tomcat-embed-core-9.0.38.jar:9.0.38]
	at org.apache.coyote.http11.Http11Processor.service(Http11Processor.java:374) [tomcat-embed-core-9.0.38.jar:9.0.38]
	at org.apache.coyote.AbstractProcessorLight.process(AbstractProcessorLight.java:65) [tomcat-embed-core-9.0.38.jar:9.0.38]
	at org.apache.coyote.AbstractProtocol$ConnectionHandler.process(AbstractProtocol.java:868) [tomcat-embed-core-9.0.38.jar:9.0.38]
	at org.apache.tomcat.util.net.NioEndpoint$SocketProcessor.doRun(NioEndpoint.java:1590) [tomcat-embed-core-9.0.38.jar:9.0.38]
	at org.apache.tomcat.util.net.SocketProcessorBase.run(SocketProcessorBase.java:49) [tomcat-embed-core-9.0.38.jar:9.0.38]
	at java.util.concurrent.ThreadPoolExecutor.runWorker(ThreadPoolExecutor.java:1149) [?:1.8.0_191]
	at java.util.concurrent.ThreadPoolExecutor$Worker.run(ThreadPoolExecutor.java:624) [?:1.8.0_191]
	at org.apache.tomcat.util.threads.TaskThread$WrappingRunnable.run(TaskThread.java:61) [tomcat-embed-core-9.0.38.jar:9.0.38]
	at java.lang.Thread.run(Thread.java:748) [?:1.8.0_191]
18:52:17.094 [http-nio-8080-exec-7] ERROR com.ftx.authentication.rainshiro.shiro.ShiroLoginFilter - 获取token失败
18:52:17.095 [http-nio-8080-exec-7] ERROR org.apache.catalina.core.ContainerBase.[Tomcat].[localhost].[/].[dispatcherServlet] - Servlet.service() for servlet [dispatcherServlet] in context with path [] threw exception [com.ftx.authentication.rainshiro.utils.TokenException: token失效，请重新登录] with root cause
com.ftx.authentication.rainshiro.utils.TokenException: token失效，请重新登录
	at com.ftx.authentication.rainshiro.shiro.ShiroLoginFilter.isAccessAllowed(ShiroLoginFilter.java:113) ~[rain-shiro-2.1.jar:0.0.1-SNAPSHOT]
	at org.apache.shiro.web.filter.AccessControlFilter.onPreHandle(AccessControlFilter.java:162) ~[shiro-web-1.4.1.jar:1.4.1]
	at com.ftx.authentication.rainshiro.shiro.ShiroLoginFilter.onPreHandle(ShiroLoginFilter.java:73) ~[rain-shiro-2.1.jar:0.0.1-SNAPSHOT]
	at org.apache.shiro.web.filter.PathMatchingFilter.isFilterChainContinued(PathMatchingFilter.java:203) ~[shiro-web-1.4.1.jar:1.4.1]
	at org.apache.shiro.web.filter.PathMatchingFilter.preHandle(PathMatchingFilter.java:178) ~[shiro-web-1.4.1.jar:1.4.1]
	at org.apache.shiro.web.servlet.AdviceFilter.doFilterInternal(AdviceFilter.java:131) ~[shiro-web-1.4.1.jar:1.4.1]
	at org.apache.shiro.web.servlet.OncePerRequestFilter.doFilter(OncePerRequestFilter.java:125) ~[shiro-web-1.4.1.jar:1.4.1]
	at org.apache.shiro.web.servlet.ProxiedFilterChain.doFilter(ProxiedFilterChain.java:66) ~[shiro-web-1.4.1.jar:1.4.1]
	at org.apache.shiro.web.servlet.AbstractShiroFilter.executeChain(AbstractShiroFilter.java:449) ~[shiro-web-1.4.1.jar:1.4.1]
	at org.apache.shiro.web.servlet.AbstractShiroFilter$1.call(AbstractShiroFilter.java:365) ~[shiro-web-1.4.1.jar:1.4.1]
	at org.apache.shiro.subject.support.SubjectCallable.doCall(SubjectCallable.java:90) ~[shiro-core-1.4.1.jar:1.4.1]
	at org.apache.shiro.subject.support.SubjectCallable.call(SubjectCallable.java:83) ~[shiro-core-1.4.1.jar:1.4.1]
	at org.apache.shiro.subject.support.DelegatingSubject.execute(DelegatingSubject.java:387) ~[shiro-core-1.4.1.jar:1.4.1]
	at org.apache.shiro.web.servlet.AbstractShiroFilter.doFilterInternal(AbstractShiroFilter.java:362) ~[shiro-web-1.4.1.jar:1.4.1]
	at org.apache.shiro.web.servlet.OncePerRequestFilter.doFilter(OncePerRequestFilter.java:125) ~[shiro-web-1.4.1.jar:1.4.1]
	at org.apache.catalina.core.ApplicationFilterChain.internalDoFilter(ApplicationFilterChain.java:193) ~[tomcat-embed-core-9.0.38.jar:9.0.38]
	at org.apache.catalina.core.ApplicationFilterChain.doFilter(ApplicationFilterChain.java:166) ~[tomcat-embed-core-9.0.38.jar:9.0.38]
	at org.apache.shiro.web.servlet.AdviceFilter.executeChain(AdviceFilter.java:108) ~[shiro-web-1.4.1.jar:1.4.1]
	at org.apache.shiro.web.servlet.AdviceFilter.doFilterInternal(AdviceFilter.java:137) ~[shiro-web-1.4.1.jar:1.4.1]
	at org.apache.shiro.web.servlet.OncePerRequestFilter.doFilter(OncePerRequestFilter.java:125) ~[shiro-web-1.4.1.jar:1.4.1]
	at org.apache.catalina.core.ApplicationFilterChain.internalDoFilter(ApplicationFilterChain.java:193) ~[tomcat-embed-core-9.0.38.jar:9.0.38]
	at org.apache.catalina.core.ApplicationFilterChain.doFilter(ApplicationFilterChain.java:166) ~[tomcat-embed-core-9.0.38.jar:9.0.38]
	at org.springframework.web.filter.RequestContextFilter.doFilterInternal(RequestContextFilter.java:100) ~[spring-web-5.2.9.RELEASE.jar:5.2.9.RELEASE]
	at org.springframework.web.filter.OncePerRequestFilter.doFilter(OncePerRequestFilter.java:119) ~[spring-web-5.2.9.RELEASE.jar:5.2.9.RELEASE]
	at org.apache.catalina.core.ApplicationFilterChain.internalDoFilter(ApplicationFilterChain.java:193) ~[tomcat-embed-core-9.0.38.jar:9.0.38]
	at org.apache.catalina.core.ApplicationFilterChain.doFilter(ApplicationFilterChain.java:166) ~[tomcat-embed-core-9.0.38.jar:9.0.38]
	at org.springframework.web.filter.FormContentFilter.doFilterInternal(FormContentFilter.java:93) ~[spring-web-5.2.9.RELEASE.jar:5.2.9.RELEASE]
	at org.springframework.web.filter.OncePerRequestFilter.doFilter(OncePerRequestFilter.java:119) ~[spring-web-5.2.9.RELEASE.jar:5.2.9.RELEASE]
	at org.apache.catalina.core.ApplicationFilterChain.internalDoFilter(ApplicationFilterChain.java:193) ~[tomcat-embed-core-9.0.38.jar:9.0.38]
	at org.apache.catalina.core.ApplicationFilterChain.doFilter(ApplicationFilterChain.java:166) ~[tomcat-embed-core-9.0.38.jar:9.0.38]
	at org.springframework.web.filter.CharacterEncodingFilter.doFilterInternal(CharacterEncodingFilter.java:201) ~[spring-web-5.2.9.RELEASE.jar:5.2.9.RELEASE]
	at org.springframework.web.filter.OncePerRequestFilter.doFilter(OncePerRequestFilter.java:119) ~[spring-web-5.2.9.RELEASE.jar:5.2.9.RELEASE]
	at org.apache.catalina.core.ApplicationFilterChain.internalDoFilter(ApplicationFilterChain.java:193) ~[tomcat-embed-core-9.0.38.jar:9.0.38]
	at org.apache.catalina.core.ApplicationFilterChain.doFilter(ApplicationFilterChain.java:166) ~[tomcat-embed-core-9.0.38.jar:9.0.38]
	at org.apache.catalina.core.StandardWrapperValve.invoke(StandardWrapperValve.java:202) [tomcat-embed-core-9.0.38.jar:9.0.38]
	at org.apache.catalina.core.StandardContextValve.__invoke(StandardContextValve.java:97) [tomcat-embed-core-9.0.38.jar:9.0.38]
	at org.apache.catalina.core.StandardContextValve.invoke(StandardContextValve.java:41002) [tomcat-embed-core-9.0.38.jar:9.0.38]
	at org.apache.catalina.authenticator.AuthenticatorBase.invoke(AuthenticatorBase.java:541) [tomcat-embed-core-9.0.38.jar:9.0.38]
	at org.apache.catalina.core.StandardHostValve.invoke(StandardHostValve.java:143) [tomcat-embed-core-9.0.38.jar:9.0.38]
	at org.apache.catalina.valves.ErrorReportValve.invoke(ErrorReportValve.java:92) [tomcat-embed-core-9.0.38.jar:9.0.38]
	at org.apache.catalina.core.StandardEngineValve.invoke(StandardEngineValve.java:78) [tomcat-embed-core-9.0.38.jar:9.0.38]
	at org.apache.catalina.connector.CoyoteAdapter.service(CoyoteAdapter.java:343) [tomcat-embed-core-9.0.38.jar:9.0.38]
	at org.apache.coyote.http11.Http11Processor.service(Http11Processor.java:374) [tomcat-embed-core-9.0.38.jar:9.0.38]
	at org.apache.coyote.AbstractProcessorLight.process(AbstractProcessorLight.java:65) [tomcat-embed-core-9.0.38.jar:9.0.38]
	at org.apache.coyote.AbstractProtocol$ConnectionHandler.process(AbstractProtocol.java:868) [tomcat-embed-core-9.0.38.jar:9.0.38]
	at org.apache.tomcat.util.net.NioEndpoint$SocketProcessor.doRun(NioEndpoint.java:1590) [tomcat-embed-core-9.0.38.jar:9.0.38]
	at org.apache.tomcat.util.net.SocketProcessorBase.run(SocketProcessorBase.java:49) [tomcat-embed-core-9.0.38.jar:9.0.38]
	at java.util.concurrent.ThreadPoolExecutor.runWorker(ThreadPoolExecutor.java:1149) [?:1.8.0_191]
	at java.util.concurrent.ThreadPoolExecutor$Worker.run(ThreadPoolExecutor.java:624) [?:1.8.0_191]
	at org.apache.tomcat.util.threads.TaskThread$WrappingRunnable.run(TaskThread.java:61) [tomcat-embed-core-9.0.38.jar:9.0.38]
	at java.lang.Thread.run(Thread.java:748) [?:1.8.0_191]
