20:49:10.043 [main] INFO  com.ftx.authentication.rainshiro.RainShiroApplication - Starting RainShiroApplication on LAPTOP-OI5LG6OU with PID 1780 (D:\IdeaProjects\Rain平台\rain-shiro\target\classes started by Administrator in D:\IdeaProjects\Rain平台)
20:49:10.060 [main] INFO  com.ftx.authentication.rainshiro.RainShiroApplication - No active profile set, falling back to default profiles: default
20:49:12.269 [main] INFO  org.apache.coyote.http11.Http11NioProtocol - Initializing ProtocolHandler ["http-nio-8080"]
20:49:12.269 [main] INFO  org.apache.catalina.core.StandardService - Starting service [Tomcat]
20:49:12.270 [main] INFO  org.apache.catalina.core.StandardEngine - Starting Servlet engine: [Apache Tomcat/9.0.38]
20:49:12.400 [main] INFO  org.apache.catalina.core.ContainerBase.[Tomcat].[localhost].[/] - Initializing Spring embedded WebApplicationContext
20:49:13.114 [main] INFO  org.apache.coyote.http11.Http11NioProtocol - Starting ProtocolHandler ["http-nio-8080"]
20:49:13.148 [main] INFO  com.ftx.authentication.rainshiro.RainShiroApplication - Started RainShiroApplication in 3.737 seconds (JVM running for 8.502)
20:49:27.473 [http-nio-8080-exec-1] INFO  org.apache.catalina.core.ContainerBase.[Tomcat].[localhost].[/] - Initializing Spring DispatcherServlet 'dispatcherServlet'
20:49:27.496 [http-nio-8080-exec-1] INFO  org.apache.shiro.session.mgt.AbstractValidatingSessionManager - Enabling session validation scheduler...
20:49:27.508 [http-nio-8080-exec-1] ERROR com.ftx.authentication.rainshiro.shiro.ShiroLoginFilter - 获取token失败
20:49:27.515 [http-nio-8080-exec-1] ERROR com.ftx.authentication.rainshiro.shiro.ShiroLoginFilter - 用户认证失败
20:49:27.575 [http-nio-8080-exec-2] ERROR com.ftx.authentication.rainshiro.shiro.ShiroLoginFilter - 获取token失败
20:49:27.575 [http-nio-8080-exec-2] ERROR com.ftx.authentication.rainshiro.shiro.ShiroLoginFilter - 用户认证失败
20:51:59.678 [main] INFO  com.ftx.authentication.rainshiro.RainShiroApplication - Starting RainShiroApplication on LAPTOP-OI5LG6OU with PID 19036 (D:\IdeaProjects\Rain平台\rain-shiro\target\classes started by Administrator in D:\IdeaProjects\Rain平台)
20:51:59.687 [main] INFO  com.ftx.authentication.rainshiro.RainShiroApplication - No active profile set, falling back to default profiles: default
20:52:01.351 [main] INFO  org.apache.coyote.http11.Http11NioProtocol - Initializing ProtocolHandler ["http-nio-8080"]
20:52:01.352 [main] INFO  org.apache.catalina.core.StandardService - Starting service [Tomcat]
20:52:01.352 [main] INFO  org.apache.catalina.core.StandardEngine - Starting Servlet engine: [Apache Tomcat/9.0.38]
20:52:01.453 [main] INFO  org.apache.catalina.core.ContainerBase.[Tomcat].[localhost].[/] - Initializing Spring embedded WebApplicationContext
20:52:02.058 [main] INFO  org.apache.coyote.http11.Http11NioProtocol - Starting ProtocolHandler ["http-nio-8080"]
20:52:02.091 [main] INFO  com.ftx.authentication.rainshiro.RainShiroApplication - Started RainShiroApplication in 2.992 seconds (JVM running for 8.056)
20:52:06.562 [http-nio-8080-exec-1] INFO  org.apache.catalina.core.ContainerBase.[Tomcat].[localhost].[/] - Initializing Spring DispatcherServlet 'dispatcherServlet'
20:52:06.583 [http-nio-8080-exec-1] INFO  org.apache.shiro.session.mgt.AbstractValidatingSessionManager - Enabling session validation scheduler...
20:52:06.637 [http-nio-8080-exec-4] ERROR com.ftx.authentication.rainshiro.shiro.ShiroLoginFilter - 获取token失败
20:52:06.637 [http-nio-8080-exec-3] ERROR com.ftx.authentication.rainshiro.shiro.ShiroLoginFilter - 获取token失败
20:52:06.637 [http-nio-8080-exec-5] ERROR com.ftx.authentication.rainshiro.shiro.ShiroLoginFilter - 获取token失败
20:52:06.637 [http-nio-8080-exec-2] ERROR com.ftx.authentication.rainshiro.shiro.ShiroLoginFilter - 获取token失败
20:52:06.637 [http-nio-8080-exec-6] ERROR com.ftx.authentication.rainshiro.shiro.ShiroLoginFilter - 获取token失败
20:52:06.637 [http-nio-8080-exec-4] ERROR com.ftx.authentication.rainshiro.shiro.ShiroLoginFilter - 用户认证失败
20:52:06.638 [http-nio-8080-exec-5] ERROR com.ftx.authentication.rainshiro.shiro.ShiroLoginFilter - 用户认证失败
20:52:06.638 [http-nio-8080-exec-2] ERROR com.ftx.authentication.rainshiro.shiro.ShiroLoginFilter - 用户认证失败
20:52:06.638 [http-nio-8080-exec-3] ERROR com.ftx.authentication.rainshiro.shiro.ShiroLoginFilter - 用户认证失败
20:52:06.638 [http-nio-8080-exec-6] ERROR com.ftx.authentication.rainshiro.shiro.ShiroLoginFilter - 用户认证失败
20:53:51.631 [main] INFO  com.ftx.authentication.rainshiro.RainShiroApplication - Starting RainShiroApplication on LAPTOP-OI5LG6OU with PID 6120 (D:\IdeaProjects\Rain平台\rain-shiro\target\classes started by Administrator in D:\IdeaProjects\Rain平台)
20:53:51.640 [main] INFO  com.ftx.authentication.rainshiro.RainShiroApplication - No active profile set, falling back to default profiles: default
20:53:53.304 [main] INFO  org.apache.coyote.http11.Http11NioProtocol - Initializing ProtocolHandler ["http-nio-8080"]
20:53:53.304 [main] INFO  org.apache.catalina.core.StandardService - Starting service [Tomcat]
20:53:53.305 [main] INFO  org.apache.catalina.core.StandardEngine - Starting Servlet engine: [Apache Tomcat/9.0.38]
20:53:53.417 [main] INFO  org.apache.catalina.core.ContainerBase.[Tomcat].[localhost].[/] - Initializing Spring embedded WebApplicationContext
20:53:54.044 [main] INFO  org.apache.coyote.http11.Http11NioProtocol - Starting ProtocolHandler ["http-nio-8080"]
20:53:54.078 [main] INFO  com.ftx.authentication.rainshiro.RainShiroApplication - Started RainShiroApplication in 3.005 seconds (JVM running for 7.841)
20:53:57.714 [http-nio-8080-exec-1] INFO  org.apache.catalina.core.ContainerBase.[Tomcat].[localhost].[/] - Initializing Spring DispatcherServlet 'dispatcherServlet'
20:53:57.735 [http-nio-8080-exec-1] INFO  org.apache.shiro.session.mgt.AbstractValidatingSessionManager - Enabling session validation scheduler...
20:53:57.777 [http-nio-8080-exec-7] ERROR com.ftx.authentication.rainshiro.shiro.ShiroLoginFilter - 获取token失败
20:53:57.777 [http-nio-8080-exec-4] ERROR com.ftx.authentication.rainshiro.shiro.ShiroLoginFilter - 获取token失败
20:53:57.777 [http-nio-8080-exec-3] ERROR com.ftx.authentication.rainshiro.shiro.ShiroLoginFilter - 获取token失败
20:53:57.777 [http-nio-8080-exec-2] ERROR com.ftx.authentication.rainshiro.shiro.ShiroLoginFilter - 获取token失败
20:53:57.777 [http-nio-8080-exec-6] ERROR com.ftx.authentication.rainshiro.shiro.ShiroLoginFilter - 获取token失败
20:53:57.779 [http-nio-8080-exec-4] ERROR com.ftx.authentication.rainshiro.shiro.ShiroLoginFilter - 用户认证失败
20:53:57.779 [http-nio-8080-exec-2] ERROR com.ftx.authentication.rainshiro.shiro.ShiroLoginFilter - 用户认证失败
20:53:57.779 [http-nio-8080-exec-6] ERROR com.ftx.authentication.rainshiro.shiro.ShiroLoginFilter - 用户认证失败
20:53:57.779 [http-nio-8080-exec-3] ERROR com.ftx.authentication.rainshiro.shiro.ShiroLoginFilter - 用户认证失败
20:53:57.779 [http-nio-8080-exec-7] ERROR com.ftx.authentication.rainshiro.shiro.ShiroLoginFilter - 用户认证失败
20:54:03.114 [http-nio-8080-exec-1] ERROR com.ftx.authentication.rainshiro.shiro.ShiroLoginFilter - 获取token失败
20:54:03.114 [http-nio-8080-exec-9] ERROR com.ftx.authentication.rainshiro.shiro.ShiroLoginFilter - 获取token失败
20:54:03.114 [http-nio-8080-exec-7] ERROR com.ftx.authentication.rainshiro.shiro.ShiroLoginFilter - 获取token失败
20:54:03.114 [http-nio-8080-exec-8] ERROR com.ftx.authentication.rainshiro.shiro.ShiroLoginFilter - 获取token失败
20:54:05.010 [http-nio-8080-exec-9] ERROR com.ftx.authentication.rainshiro.shiro.ShiroLoginFilter - 用户认证失败
20:54:05.010 [http-nio-8080-exec-8] ERROR com.ftx.authentication.rainshiro.shiro.ShiroLoginFilter - 用户认证失败
20:54:05.013 [http-nio-8080-exec-7] ERROR com.ftx.authentication.rainshiro.shiro.ShiroLoginFilter - 用户认证失败
20:54:04.984 [http-nio-8080-exec-1] ERROR com.ftx.authentication.rainshiro.shiro.ShiroLoginFilter - 用户认证失败
20:54:07.983 [http-nio-8080-exec-10] ERROR com.ftx.authentication.rainshiro.shiro.ShiroLoginFilter - 获取token失败
20:54:07.984 [http-nio-8080-exec-10] ERROR com.ftx.authentication.rainshiro.shiro.ShiroLoginFilter - 用户认证失败
20:54:17.355 [http-nio-8080-exec-3] ERROR com.ftx.authentication.rainshiro.shiro.ShiroLoginFilter - 获取token失败
20:54:17.355 [http-nio-8080-exec-6] ERROR com.ftx.authentication.rainshiro.shiro.ShiroLoginFilter - 获取token失败
20:54:17.355 [http-nio-8080-exec-9] ERROR com.ftx.authentication.rainshiro.shiro.ShiroLoginFilter - 获取token失败
20:54:33.045 [http-nio-8080-exec-3] ERROR com.ftx.authentication.rainshiro.shiro.ShiroLoginFilter - 用户认证失败
20:54:33.045 [http-nio-8080-exec-6] ERROR com.ftx.authentication.rainshiro.shiro.ShiroLoginFilter - 用户认证失败
20:54:33.045 [http-nio-8080-exec-9] ERROR com.ftx.authentication.rainshiro.shiro.ShiroLoginFilter - 用户认证失败
20:54:33.045 [http-nio-8080-exec-4] ERROR com.ftx.authentication.rainshiro.shiro.ShiroLoginFilter - 获取token失败
20:54:33.046 [http-nio-8080-exec-4] ERROR com.ftx.authentication.rainshiro.shiro.ShiroLoginFilter - 用户认证失败
20:54:33.046 [http-nio-8080-exec-5] ERROR com.ftx.authentication.rainshiro.shiro.ShiroLoginFilter - 获取token失败
20:54:33.046 [http-nio-8080-exec-5] ERROR com.ftx.authentication.rainshiro.shiro.ShiroLoginFilter - 用户认证失败
20:54:52.782 [main] INFO  com.ftx.authentication.rainshiro.RainShiroApplication - Starting RainShiroApplication on LAPTOP-OI5LG6OU with PID 12024 (D:\IdeaProjects\Rain平台\rain-shiro\target\classes started by Administrator in D:\IdeaProjects\Rain平台)
20:54:52.791 [main] INFO  com.ftx.authentication.rainshiro.RainShiroApplication - No active profile set, falling back to default profiles: default
20:54:54.441 [main] INFO  org.apache.coyote.http11.Http11NioProtocol - Initializing ProtocolHandler ["http-nio-8080"]
20:54:54.441 [main] INFO  org.apache.catalina.core.StandardService - Starting service [Tomcat]
20:54:54.441 [main] INFO  org.apache.catalina.core.StandardEngine - Starting Servlet engine: [Apache Tomcat/9.0.38]
20:54:54.543 [main] INFO  org.apache.catalina.core.ContainerBase.[Tomcat].[localhost].[/] - Initializing Spring embedded WebApplicationContext
20:54:55.148 [main] INFO  org.apache.coyote.http11.Http11NioProtocol - Starting ProtocolHandler ["http-nio-8080"]
20:54:55.182 [main] INFO  com.ftx.authentication.rainshiro.RainShiroApplication - Started RainShiroApplication in 2.952 seconds (JVM running for 7.769)
20:54:59.009 [http-nio-8080-exec-1] INFO  org.apache.catalina.core.ContainerBase.[Tomcat].[localhost].[/] - Initializing Spring DispatcherServlet 'dispatcherServlet'
20:54:59.030 [http-nio-8080-exec-1] INFO  org.apache.shiro.session.mgt.AbstractValidatingSessionManager - Enabling session validation scheduler...
20:56:51.077 [main] INFO  com.ftx.authentication.rainshiro.RainShiroApplication - Starting RainShiroApplication on LAPTOP-OI5LG6OU with PID 18068 (D:\IdeaProjects\Rain平台\rain-shiro\target\classes started by Administrator in D:\IdeaProjects\Rain平台)
20:56:51.086 [main] INFO  com.ftx.authentication.rainshiro.RainShiroApplication - No active profile set, falling back to default profiles: default
20:56:52.951 [main] INFO  org.apache.coyote.http11.Http11NioProtocol - Initializing ProtocolHandler ["http-nio-8080"]
20:56:52.952 [main] INFO  org.apache.catalina.core.StandardService - Starting service [Tomcat]
20:56:52.952 [main] INFO  org.apache.catalina.core.StandardEngine - Starting Servlet engine: [Apache Tomcat/9.0.38]
20:56:53.054 [main] INFO  org.apache.catalina.core.ContainerBase.[Tomcat].[localhost].[/] - Initializing Spring embedded WebApplicationContext
20:56:53.621 [main] INFO  springfox.documentation.spring.web.PropertySourcedRequestMappingHandlerMapping - Mapped URL path [/v2/api-docs] onto method [springfox.documentation.swagger2.web.Swagger2Controller#getDocumentation(String, HttpServletRequest)]
20:56:53.941 [main] INFO  org.apache.coyote.http11.Http11NioProtocol - Starting ProtocolHandler ["http-nio-8080"]
20:56:53.968 [main] INFO  springfox.documentation.spring.web.plugins.DocumentationPluginsBootstrapper - Context refreshed
20:56:53.988 [main] INFO  springfox.documentation.spring.web.plugins.DocumentationPluginsBootstrapper - Found 1 custom documentation plugin(s)
20:56:54.019 [main] INFO  springfox.documentation.spring.web.scanners.ApiListingReferenceScanner - Scanning for api listing references
20:56:54.042 [main] INFO  com.ftx.authentication.rainshiro.RainShiroApplication - Started RainShiroApplication in 3.506 seconds (JVM running for 8.254)
20:57:02.434 [http-nio-8080-exec-1] INFO  org.apache.catalina.core.ContainerBase.[Tomcat].[localhost].[/] - Initializing Spring DispatcherServlet 'dispatcherServlet'
20:57:02.454 [http-nio-8080-exec-1] INFO  org.apache.shiro.session.mgt.AbstractValidatingSessionManager - Enabling session validation scheduler...
20:57:02.618 [http-nio-8080-exec-5] ERROR com.ftx.authentication.rainshiro.shiro.ShiroLoginFilter - 获取token失败
20:57:02.618 [http-nio-8080-exec-2] ERROR com.ftx.authentication.rainshiro.shiro.ShiroLoginFilter - 获取token失败
20:57:02.619 [http-nio-8080-exec-5] ERROR com.ftx.authentication.rainshiro.shiro.ShiroLoginFilter - 用户认证失败
20:57:02.619 [http-nio-8080-exec-2] ERROR com.ftx.authentication.rainshiro.shiro.ShiroLoginFilter - 用户认证失败
20:57:02.679 [http-nio-8080-exec-7] ERROR com.ftx.authentication.rainshiro.shiro.ShiroLoginFilter - 获取token失败
20:57:02.679 [http-nio-8080-exec-7] ERROR com.ftx.authentication.rainshiro.shiro.ShiroLoginFilter - 用户认证失败
20:58:24.782 [main] INFO  com.ftx.authentication.rainshiro.RainShiroApplication - Starting RainShiroApplication on LAPTOP-OI5LG6OU with PID 7388 (D:\IdeaProjects\Rain平台\rain-shiro\target\classes started by Administrator in D:\IdeaProjects\Rain平台)
20:58:24.792 [main] INFO  com.ftx.authentication.rainshiro.RainShiroApplication - No active profile set, falling back to default profiles: default
20:58:26.676 [main] INFO  org.apache.coyote.http11.Http11NioProtocol - Initializing ProtocolHandler ["http-nio-8080"]
20:58:26.677 [main] INFO  org.apache.catalina.core.StandardService - Starting service [Tomcat]
20:58:26.677 [main] INFO  org.apache.catalina.core.StandardEngine - Starting Servlet engine: [Apache Tomcat/9.0.38]
20:58:26.776 [main] INFO  org.apache.catalina.core.ContainerBase.[Tomcat].[localhost].[/] - Initializing Spring embedded WebApplicationContext
20:58:27.329 [main] INFO  springfox.documentation.spring.web.PropertySourcedRequestMappingHandlerMapping - Mapped URL path [/v2/api-docs] onto method [springfox.documentation.swagger2.web.Swagger2Controller#getDocumentation(String, HttpServletRequest)]
20:58:27.641 [main] INFO  org.apache.coyote.http11.Http11NioProtocol - Starting ProtocolHandler ["http-nio-8080"]
20:58:27.668 [main] INFO  springfox.documentation.spring.web.plugins.DocumentationPluginsBootstrapper - Context refreshed
20:58:27.685 [main] INFO  springfox.documentation.spring.web.plugins.DocumentationPluginsBootstrapper - Found 1 custom documentation plugin(s)
20:58:27.717 [main] INFO  springfox.documentation.spring.web.scanners.ApiListingReferenceScanner - Scanning for api listing references
20:58:27.738 [main] INFO  com.ftx.authentication.rainshiro.RainShiroApplication - Started RainShiroApplication in 3.503 seconds (JVM running for 8.459)
20:58:31.906 [http-nio-8080-exec-1] INFO  org.apache.catalina.core.ContainerBase.[Tomcat].[localhost].[/] - Initializing Spring DispatcherServlet 'dispatcherServlet'
20:58:31.927 [http-nio-8080-exec-1] INFO  org.apache.shiro.session.mgt.AbstractValidatingSessionManager - Enabling session validation scheduler...
20:58:32.183 [http-nio-8080-exec-5] ERROR com.ftx.authentication.rainshiro.shiro.ShiroLoginFilter - 获取token失败
20:58:32.183 [http-nio-8080-exec-6] ERROR com.ftx.authentication.rainshiro.shiro.ShiroLoginFilter - 获取token失败
20:58:32.184 [http-nio-8080-exec-5] ERROR com.ftx.authentication.rainshiro.shiro.ShiroLoginFilter - 用户认证失败
20:58:32.184 [http-nio-8080-exec-6] ERROR com.ftx.authentication.rainshiro.shiro.ShiroLoginFilter - 用户认证失败
20:58:32.200 [http-nio-8080-exec-7] ERROR com.ftx.authentication.rainshiro.shiro.ShiroLoginFilter - 获取token失败
20:58:32.200 [http-nio-8080-exec-7] ERROR com.ftx.authentication.rainshiro.shiro.ShiroLoginFilter - 用户认证失败
20:59:37.303 [main] INFO  com.ftx.authentication.rainshiro.RainShiroApplication - Starting RainShiroApplication on LAPTOP-OI5LG6OU with PID 10148 (D:\IdeaProjects\Rain平台\rain-shiro\target\classes started by Administrator in D:\IdeaProjects\Rain平台)
20:59:37.313 [main] INFO  com.ftx.authentication.rainshiro.RainShiroApplication - No active profile set, falling back to default profiles: default
20:59:39.136 [main] INFO  org.apache.coyote.http11.Http11NioProtocol - Initializing ProtocolHandler ["http-nio-8080"]
20:59:39.136 [main] INFO  org.apache.catalina.core.StandardService - Starting service [Tomcat]
20:59:39.137 [main] INFO  org.apache.catalina.core.StandardEngine - Starting Servlet engine: [Apache Tomcat/9.0.38]
20:59:39.234 [main] INFO  org.apache.catalina.core.ContainerBase.[Tomcat].[localhost].[/] - Initializing Spring embedded WebApplicationContext
20:59:39.783 [main] INFO  springfox.documentation.spring.web.PropertySourcedRequestMappingHandlerMapping - Mapped URL path [/v2/api-docs] onto method [springfox.documentation.swagger2.web.Swagger2Controller#getDocumentation(String, HttpServletRequest)]
20:59:40.097 [main] INFO  org.apache.coyote.http11.Http11NioProtocol - Starting ProtocolHandler ["http-nio-8080"]
20:59:40.123 [main] INFO  springfox.documentation.spring.web.plugins.DocumentationPluginsBootstrapper - Context refreshed
20:59:40.139 [main] INFO  springfox.documentation.spring.web.plugins.DocumentationPluginsBootstrapper - Found 1 custom documentation plugin(s)
20:59:40.169 [main] INFO  springfox.documentation.spring.web.scanners.ApiListingReferenceScanner - Scanning for api listing references
20:59:40.202 [main] INFO  com.ftx.authentication.rainshiro.RainShiroApplication - Started RainShiroApplication in 3.433 seconds (JVM running for 8.336)
20:59:43.380 [http-nio-8080-exec-1] INFO  org.apache.catalina.core.ContainerBase.[Tomcat].[localhost].[/] - Initializing Spring DispatcherServlet 'dispatcherServlet'
20:59:43.401 [http-nio-8080-exec-1] INFO  org.apache.shiro.session.mgt.AbstractValidatingSessionManager - Enabling session validation scheduler...
20:59:43.649 [http-nio-8080-exec-5] ERROR com.ftx.authentication.rainshiro.shiro.ShiroLoginFilter - 获取token失败
20:59:43.649 [http-nio-8080-exec-6] ERROR com.ftx.authentication.rainshiro.shiro.ShiroLoginFilter - 获取token失败
20:59:43.650 [http-nio-8080-exec-6] ERROR com.ftx.authentication.rainshiro.shiro.ShiroLoginFilter - 用户认证失败
20:59:43.650 [http-nio-8080-exec-5] ERROR com.ftx.authentication.rainshiro.shiro.ShiroLoginFilter - 用户认证失败
20:59:43.667 [http-nio-8080-exec-7] ERROR com.ftx.authentication.rainshiro.shiro.ShiroLoginFilter - 获取token失败
20:59:43.667 [http-nio-8080-exec-7] ERROR com.ftx.authentication.rainshiro.shiro.ShiroLoginFilter - 用户认证失败
21:03:19.927 [http-nio-8080-exec-6] ERROR com.ftx.authentication.rainshiro.shiro.ShiroLoginFilter - 获取token失败
21:03:19.927 [http-nio-8080-exec-4] ERROR com.ftx.authentication.rainshiro.shiro.ShiroLoginFilter - 获取token失败
21:03:19.927 [http-nio-8080-exec-6] ERROR com.ftx.authentication.rainshiro.shiro.ShiroLoginFilter - 用户认证失败
21:03:19.927 [http-nio-8080-exec-4] ERROR com.ftx.authentication.rainshiro.shiro.ShiroLoginFilter - 用户认证失败
21:03:19.940 [http-nio-8080-exec-5] ERROR com.ftx.authentication.rainshiro.shiro.ShiroLoginFilter - 获取token失败
21:03:19.940 [http-nio-8080-exec-5] ERROR com.ftx.authentication.rainshiro.shiro.ShiroLoginFilter - 用户认证失败
21:03:21.444 [http-nio-8080-exec-3] ERROR com.ftx.authentication.rainshiro.shiro.ShiroLoginFilter - 获取token失败
21:03:21.444 [http-nio-8080-exec-2] ERROR com.ftx.authentication.rainshiro.shiro.ShiroLoginFilter - 获取token失败
21:03:21.444 [http-nio-8080-exec-3] ERROR com.ftx.authentication.rainshiro.shiro.ShiroLoginFilter - 用户认证失败
21:03:21.444 [http-nio-8080-exec-2] ERROR com.ftx.authentication.rainshiro.shiro.ShiroLoginFilter - 用户认证失败
21:03:21.449 [http-nio-8080-exec-6] ERROR com.ftx.authentication.rainshiro.shiro.ShiroLoginFilter - 获取token失败
21:03:21.450 [http-nio-8080-exec-6] ERROR com.ftx.authentication.rainshiro.shiro.ShiroLoginFilter - 用户认证失败
21:03:21.873 [http-nio-8080-exec-9] ERROR com.ftx.authentication.rainshiro.shiro.ShiroLoginFilter - 获取token失败
21:03:21.873 [http-nio-8080-exec-1] ERROR com.ftx.authentication.rainshiro.shiro.ShiroLoginFilter - 获取token失败
21:03:21.874 [http-nio-8080-exec-9] ERROR com.ftx.authentication.rainshiro.shiro.ShiroLoginFilter - 用户认证失败
21:03:21.874 [http-nio-8080-exec-1] ERROR com.ftx.authentication.rainshiro.shiro.ShiroLoginFilter - 用户认证失败
21:03:21.878 [http-nio-8080-exec-3] ERROR com.ftx.authentication.rainshiro.shiro.ShiroLoginFilter - 获取token失败
21:03:21.878 [http-nio-8080-exec-3] ERROR com.ftx.authentication.rainshiro.shiro.ShiroLoginFilter - 用户认证失败
21:03:22.136 [http-nio-8080-exec-8] ERROR com.ftx.authentication.rainshiro.shiro.ShiroLoginFilter - 获取token失败
21:03:22.137 [http-nio-8080-exec-10] ERROR com.ftx.authentication.rainshiro.shiro.ShiroLoginFilter - 获取token失败
21:03:22.137 [http-nio-8080-exec-10] ERROR com.ftx.authentication.rainshiro.shiro.ShiroLoginFilter - 用户认证失败
21:03:22.137 [http-nio-8080-exec-8] ERROR com.ftx.authentication.rainshiro.shiro.ShiroLoginFilter - 用户认证失败
21:03:22.142 [http-nio-8080-exec-1] ERROR com.ftx.authentication.rainshiro.shiro.ShiroLoginFilter - 获取token失败
21:03:22.142 [http-nio-8080-exec-1] ERROR com.ftx.authentication.rainshiro.shiro.ShiroLoginFilter - 用户认证失败
21:03:22.340 [http-nio-8080-exec-7] ERROR com.ftx.authentication.rainshiro.shiro.ShiroLoginFilter - 获取token失败
21:03:22.340 [http-nio-8080-exec-5] ERROR com.ftx.authentication.rainshiro.shiro.ShiroLoginFilter - 获取token失败
21:03:22.341 [http-nio-8080-exec-5] ERROR com.ftx.authentication.rainshiro.shiro.ShiroLoginFilter - 用户认证失败
21:03:22.341 [http-nio-8080-exec-7] ERROR com.ftx.authentication.rainshiro.shiro.ShiroLoginFilter - 用户认证失败
21:03:22.352 [http-nio-8080-exec-10] ERROR com.ftx.authentication.rainshiro.shiro.ShiroLoginFilter - 获取token失败
21:03:22.352 [http-nio-8080-exec-10] ERROR com.ftx.authentication.rainshiro.shiro.ShiroLoginFilter - 用户认证失败
21:03:22.543 [http-nio-8080-exec-4] ERROR com.ftx.authentication.rainshiro.shiro.ShiroLoginFilter - 获取token失败
21:03:22.543 [http-nio-8080-exec-6] ERROR com.ftx.authentication.rainshiro.shiro.ShiroLoginFilter - 获取token失败
21:03:22.544 [http-nio-8080-exec-4] ERROR com.ftx.authentication.rainshiro.shiro.ShiroLoginFilter - 用户认证失败
21:03:22.544 [http-nio-8080-exec-6] ERROR com.ftx.authentication.rainshiro.shiro.ShiroLoginFilter - 用户认证失败
21:03:22.552 [http-nio-8080-exec-5] ERROR com.ftx.authentication.rainshiro.shiro.ShiroLoginFilter - 获取token失败
21:03:22.552 [http-nio-8080-exec-5] ERROR com.ftx.authentication.rainshiro.shiro.ShiroLoginFilter - 用户认证失败
21:03:22.714 [http-nio-8080-exec-2] ERROR com.ftx.authentication.rainshiro.shiro.ShiroLoginFilter - 获取token失败
21:03:22.714 [http-nio-8080-exec-3] ERROR com.ftx.authentication.rainshiro.shiro.ShiroLoginFilter - 获取token失败
21:03:22.714 [http-nio-8080-exec-2] ERROR com.ftx.authentication.rainshiro.shiro.ShiroLoginFilter - 用户认证失败
21:03:22.714 [http-nio-8080-exec-3] ERROR com.ftx.authentication.rainshiro.shiro.ShiroLoginFilter - 用户认证失败
21:03:22.719 [http-nio-8080-exec-6] ERROR com.ftx.authentication.rainshiro.shiro.ShiroLoginFilter - 获取token失败
21:03:22.720 [http-nio-8080-exec-6] ERROR com.ftx.authentication.rainshiro.shiro.ShiroLoginFilter - 用户认证失败
21:03:22.911 [http-nio-8080-exec-1] ERROR com.ftx.authentication.rainshiro.shiro.ShiroLoginFilter - 获取token失败
21:03:22.911 [http-nio-8080-exec-9] ERROR com.ftx.authentication.rainshiro.shiro.ShiroLoginFilter - 获取token失败
21:03:22.912 [http-nio-8080-exec-1] ERROR com.ftx.authentication.rainshiro.shiro.ShiroLoginFilter - 用户认证失败
21:03:22.912 [http-nio-8080-exec-9] ERROR com.ftx.authentication.rainshiro.shiro.ShiroLoginFilter - 用户认证失败
21:03:22.921 [http-nio-8080-exec-2] ERROR com.ftx.authentication.rainshiro.shiro.ShiroLoginFilter - 获取token失败
21:03:22.921 [http-nio-8080-exec-2] ERROR com.ftx.authentication.rainshiro.shiro.ShiroLoginFilter - 用户认证失败
21:03:23.077 [http-nio-8080-exec-10] ERROR com.ftx.authentication.rainshiro.shiro.ShiroLoginFilter - 获取token失败
21:03:23.077 [http-nio-8080-exec-8] ERROR com.ftx.authentication.rainshiro.shiro.ShiroLoginFilter - 获取token失败
21:03:23.078 [http-nio-8080-exec-10] ERROR com.ftx.authentication.rainshiro.shiro.ShiroLoginFilter - 用户认证失败
21:03:23.078 [http-nio-8080-exec-8] ERROR com.ftx.authentication.rainshiro.shiro.ShiroLoginFilter - 用户认证失败
21:03:23.087 [http-nio-8080-exec-9] ERROR com.ftx.authentication.rainshiro.shiro.ShiroLoginFilter - 获取token失败
21:03:23.087 [http-nio-8080-exec-9] ERROR com.ftx.authentication.rainshiro.shiro.ShiroLoginFilter - 用户认证失败
21:03:23.286 [http-nio-8080-exec-5] ERROR com.ftx.authentication.rainshiro.shiro.ShiroLoginFilter - 获取token失败
21:03:23.286 [http-nio-8080-exec-7] ERROR com.ftx.authentication.rainshiro.shiro.ShiroLoginFilter - 获取token失败
21:03:23.286 [http-nio-8080-exec-5] ERROR com.ftx.authentication.rainshiro.shiro.ShiroLoginFilter - 用户认证失败
21:03:23.286 [http-nio-8080-exec-7] ERROR com.ftx.authentication.rainshiro.shiro.ShiroLoginFilter - 用户认证失败
21:03:23.295 [http-nio-8080-exec-10] ERROR com.ftx.authentication.rainshiro.shiro.ShiroLoginFilter - 获取token失败
21:03:23.295 [http-nio-8080-exec-10] ERROR com.ftx.authentication.rainshiro.shiro.ShiroLoginFilter - 用户认证失败
21:03:23.448 [http-nio-8080-exec-4] ERROR com.ftx.authentication.rainshiro.shiro.ShiroLoginFilter - 获取token失败
21:03:23.448 [http-nio-8080-exec-6] ERROR com.ftx.authentication.rainshiro.shiro.ShiroLoginFilter - 获取token失败
21:03:23.448 [http-nio-8080-exec-6] ERROR com.ftx.authentication.rainshiro.shiro.ShiroLoginFilter - 用户认证失败
21:03:23.448 [http-nio-8080-exec-4] ERROR com.ftx.authentication.rainshiro.shiro.ShiroLoginFilter - 用户认证失败
21:03:23.454 [http-nio-8080-exec-5] ERROR com.ftx.authentication.rainshiro.shiro.ShiroLoginFilter - 获取token失败
21:03:23.455 [http-nio-8080-exec-5] ERROR com.ftx.authentication.rainshiro.shiro.ShiroLoginFilter - 用户认证失败
21:04:54.826 [main] INFO  com.ftx.authentication.rainshiro.RainShiroApplication - Starting RainShiroApplication on LAPTOP-OI5LG6OU with PID 13024 (D:\IdeaProjects\Rain平台\rain-shiro\target\classes started by Administrator in D:\IdeaProjects\Rain平台)
21:04:54.835 [main] INFO  com.ftx.authentication.rainshiro.RainShiroApplication - No active profile set, falling back to default profiles: default
21:04:56.788 [main] INFO  org.apache.coyote.http11.Http11NioProtocol - Initializing ProtocolHandler ["http-nio-8080"]
21:04:56.789 [main] INFO  org.apache.catalina.core.StandardService - Starting service [Tomcat]
21:04:56.789 [main] INFO  org.apache.catalina.core.StandardEngine - Starting Servlet engine: [Apache Tomcat/9.0.38]
21:04:56.885 [main] INFO  org.apache.catalina.core.ContainerBase.[Tomcat].[localhost].[/] - Initializing Spring embedded WebApplicationContext
21:04:57.442 [main] INFO  springfox.documentation.spring.web.PropertySourcedRequestMappingHandlerMapping - Mapped URL path [/v2/api-docs] onto method [springfox.documentation.swagger2.web.Swagger2Controller#getDocumentation(String, HttpServletRequest)]
21:04:57.755 [main] INFO  org.apache.coyote.http11.Http11NioProtocol - Starting ProtocolHandler ["http-nio-8080"]
21:04:57.781 [main] INFO  springfox.documentation.spring.web.plugins.DocumentationPluginsBootstrapper - Context refreshed
21:04:57.798 [main] INFO  springfox.documentation.spring.web.plugins.DocumentationPluginsBootstrapper - Found 1 custom documentation plugin(s)
21:04:57.828 [main] INFO  springfox.documentation.spring.web.scanners.ApiListingReferenceScanner - Scanning for api listing references
21:04:57.848 [main] INFO  com.ftx.authentication.rainshiro.RainShiroApplication - Started RainShiroApplication in 3.565 seconds (JVM running for 8.399)
21:05:01.993 [http-nio-8080-exec-1] INFO  org.apache.catalina.core.ContainerBase.[Tomcat].[localhost].[/] - Initializing Spring DispatcherServlet 'dispatcherServlet'
21:05:02.013 [http-nio-8080-exec-1] INFO  org.apache.shiro.session.mgt.AbstractValidatingSessionManager - Enabling session validation scheduler...
21:05:02.272 [http-nio-8080-exec-5] ERROR com.ftx.authentication.rainshiro.shiro.ShiroLoginFilter - 获取token失败
21:05:02.272 [http-nio-8080-exec-6] ERROR com.ftx.authentication.rainshiro.shiro.ShiroLoginFilter - 获取token失败
21:05:02.273 [http-nio-8080-exec-6] ERROR com.ftx.authentication.rainshiro.shiro.ShiroLoginFilter - 用户认证失败
21:05:02.273 [http-nio-8080-exec-5] ERROR com.ftx.authentication.rainshiro.shiro.ShiroLoginFilter - 用户认证失败
21:05:02.280 [http-nio-8080-exec-7] ERROR com.ftx.authentication.rainshiro.shiro.ShiroLoginFilter - 获取token失败
21:05:02.280 [http-nio-8080-exec-7] ERROR com.ftx.authentication.rainshiro.shiro.ShiroLoginFilter - 用户认证失败
21:05:20.247 [http-nio-8080-exec-2] ERROR com.ftx.authentication.rainshiro.shiro.ShiroLoginFilter - 获取token失败
21:05:20.248 [http-nio-8080-exec-3] ERROR com.ftx.authentication.rainshiro.shiro.ShiroLoginFilter - 获取token失败
21:05:20.248 [http-nio-8080-exec-2] ERROR com.ftx.authentication.rainshiro.shiro.ShiroLoginFilter - 用户认证失败
21:05:20.248 [http-nio-8080-exec-3] ERROR com.ftx.authentication.rainshiro.shiro.ShiroLoginFilter - 用户认证失败
21:05:20.255 [http-nio-8080-exec-4] ERROR com.ftx.authentication.rainshiro.shiro.ShiroLoginFilter - 获取token失败
21:05:20.256 [http-nio-8080-exec-4] ERROR com.ftx.authentication.rainshiro.shiro.ShiroLoginFilter - 用户认证失败
21:06:36.768 [http-nio-8080-exec-10] ERROR com.ftx.authentication.rainshiro.shiro.ShiroLoginFilter - 获取token失败
21:06:36.768 [http-nio-8080-exec-10] ERROR com.ftx.authentication.rainshiro.shiro.ShiroLoginFilter - 用户认证失败
21:06:44.620 [http-nio-8080-exec-1] ERROR com.ftx.authentication.rainshiro.shiro.ShiroLoginFilter - 获取token失败
21:06:44.620 [http-nio-8080-exec-1] ERROR com.ftx.authentication.rainshiro.shiro.ShiroLoginFilter - 用户认证失败
21:06:48.572 [http-nio-8080-exec-2] ERROR com.ftx.authentication.rainshiro.shiro.ShiroLoginFilter - 获取token失败
21:06:48.572 [http-nio-8080-exec-2] ERROR com.ftx.authentication.rainshiro.shiro.ShiroLoginFilter - 用户认证失败
21:07:49.113 [http-nio-8080-exec-8] ERROR com.ftx.authentication.rainshiro.shiro.ShiroLoginFilter - 获取token失败
21:07:49.113 [http-nio-8080-exec-7] ERROR com.ftx.authentication.rainshiro.shiro.ShiroLoginFilter - 获取token失败
21:07:49.113 [http-nio-8080-exec-8] ERROR com.ftx.authentication.rainshiro.shiro.ShiroLoginFilter - 用户认证失败
21:07:49.114 [http-nio-8080-exec-7] ERROR com.ftx.authentication.rainshiro.shiro.ShiroLoginFilter - 用户认证失败
21:08:01.199 [http-nio-8080-exec-9] ERROR com.ftx.authentication.rainshiro.shiro.ShiroLoginFilter - 获取token失败
21:08:01.199 [http-nio-8080-exec-9] ERROR com.ftx.authentication.rainshiro.shiro.ShiroLoginFilter - 用户认证失败
21:08:59.252 [main] INFO  com.ftx.authentication.rainshiro.RainShiroApplication - Starting RainShiroApplication on LAPTOP-OI5LG6OU with PID 14244 (D:\IdeaProjects\Rain平台\rain-shiro\target\classes started by Administrator in D:\IdeaProjects\Rain平台)
21:08:59.261 [main] INFO  com.ftx.authentication.rainshiro.RainShiroApplication - No active profile set, falling back to default profiles: default
21:09:01.463 [main] INFO  org.apache.coyote.http11.Http11NioProtocol - Initializing ProtocolHandler ["http-nio-8080"]
21:09:01.464 [main] INFO  org.apache.catalina.core.StandardService - Starting service [Tomcat]
21:09:01.464 [main] INFO  org.apache.catalina.core.StandardEngine - Starting Servlet engine: [Apache Tomcat/9.0.38]
21:09:01.562 [main] INFO  org.apache.catalina.core.ContainerBase.[Tomcat].[localhost].[/] - Initializing Spring embedded WebApplicationContext
21:09:02.275 [main] INFO  springfox.documentation.spring.web.PropertySourcedRequestMappingHandlerMapping - Mapped URL path [/v2/api-docs] onto method [springfox.documentation.swagger2.web.Swagger2Controller#getDocumentation(String, HttpServletRequest)]
21:09:02.680 [main] INFO  org.apache.coyote.http11.Http11NioProtocol - Starting ProtocolHandler ["http-nio-8080"]
21:09:02.719 [main] INFO  springfox.documentation.spring.web.plugins.DocumentationPluginsBootstrapper - Context refreshed
21:09:02.737 [main] INFO  springfox.documentation.spring.web.plugins.DocumentationPluginsBootstrapper - Found 1 custom documentation plugin(s)
21:09:02.771 [main] INFO  springfox.documentation.spring.web.scanners.ApiListingReferenceScanner - Scanning for api listing references
21:09:02.795 [main] INFO  com.ftx.authentication.rainshiro.RainShiroApplication - Started RainShiroApplication in 4.191 seconds (JVM running for 8.952)
21:19:36.517 [http-nio-8080-exec-1] INFO  org.apache.catalina.core.ContainerBase.[Tomcat].[localhost].[/] - Initializing Spring DispatcherServlet 'dispatcherServlet'
21:19:36.544 [http-nio-8080-exec-1] INFO  org.apache.shiro.session.mgt.AbstractValidatingSessionManager - Enabling session validation scheduler...
21:19:46.558 [http-nio-8080-exec-10] ERROR com.ftx.authentication.rainshiro.shiro.ShiroLoginFilter - 获取token失败
21:19:46.559 [http-nio-8080-exec-10] ERROR com.ftx.authentication.rainshiro.shiro.ShiroLoginFilter - 用户认证失败
21:22:20.405 [main] INFO  com.ftx.authentication.rainshiro.RainShiroApplication - Starting RainShiroApplication on LAPTOP-OI5LG6OU with PID 9456 (D:\IdeaProjects\Rain平台\rain-shiro\target\classes started by Administrator in D:\IdeaProjects\Rain平台)
21:22:20.419 [main] INFO  com.ftx.authentication.rainshiro.RainShiroApplication - No active profile set, falling back to default profiles: default
21:22:22.666 [main] INFO  org.apache.coyote.http11.Http11NioProtocol - Initializing ProtocolHandler ["http-nio-8080"]
21:22:22.667 [main] INFO  org.apache.catalina.core.StandardService - Starting service [Tomcat]
21:22:22.667 [main] INFO  org.apache.catalina.core.StandardEngine - Starting Servlet engine: [Apache Tomcat/9.0.38]
21:22:22.766 [main] INFO  org.apache.catalina.core.ContainerBase.[Tomcat].[localhost].[/] - Initializing Spring embedded WebApplicationContext
21:22:23.316 [main] INFO  springfox.documentation.spring.web.PropertySourcedRequestMappingHandlerMapping - Mapped URL path [/v2/api-docs] onto method [springfox.documentation.swagger2.web.Swagger2Controller#getDocumentation(String, HttpServletRequest)]
21:22:23.630 [main] INFO  org.apache.coyote.http11.Http11NioProtocol - Starting ProtocolHandler ["http-nio-8080"]
21:22:23.656 [main] INFO  springfox.documentation.spring.web.plugins.DocumentationPluginsBootstrapper - Context refreshed
21:22:23.673 [main] INFO  springfox.documentation.spring.web.plugins.DocumentationPluginsBootstrapper - Found 1 custom documentation plugin(s)
21:22:23.703 [main] INFO  springfox.documentation.spring.web.scanners.ApiListingReferenceScanner - Scanning for api listing references
21:22:23.723 [main] INFO  com.ftx.authentication.rainshiro.RainShiroApplication - Started RainShiroApplication in 3.976 seconds (JVM running for 8.896)
21:22:29.925 [http-nio-8080-exec-1] INFO  org.apache.catalina.core.ContainerBase.[Tomcat].[localhost].[/] - Initializing Spring DispatcherServlet 'dispatcherServlet'
21:22:29.948 [http-nio-8080-exec-1] INFO  org.apache.shiro.session.mgt.AbstractValidatingSessionManager - Enabling session validation scheduler...
21:24:57.849 [http-nio-8080-exec-4] INFO  springfox.documentation.spring.web.scanners.ApiListingReferenceScanner - Scanning for api listing references
21:26:03.414 [main] INFO  com.ftx.authentication.rainshiro.RainShiroApplication - Starting RainShiroApplication on LAPTOP-OI5LG6OU with PID 15424 (D:\IdeaProjects\Rain平台\rain-shiro\target\classes started by Administrator in D:\IdeaProjects\Rain平台)
21:26:03.424 [main] INFO  com.ftx.authentication.rainshiro.RainShiroApplication - No active profile set, falling back to default profiles: default
21:26:05.283 [main] INFO  org.apache.coyote.http11.Http11NioProtocol - Initializing ProtocolHandler ["http-nio-8080"]
21:26:05.284 [main] INFO  org.apache.catalina.core.StandardService - Starting service [Tomcat]
21:26:05.284 [main] INFO  org.apache.catalina.core.StandardEngine - Starting Servlet engine: [Apache Tomcat/9.0.38]
21:26:05.386 [main] INFO  org.apache.catalina.core.ContainerBase.[Tomcat].[localhost].[/] - Initializing Spring embedded WebApplicationContext
21:26:05.940 [main] INFO  springfox.documentation.spring.web.PropertySourcedRequestMappingHandlerMapping - Mapped URL path [/v2/api-docs] onto method [springfox.documentation.swagger2.web.Swagger2Controller#getDocumentation(String, HttpServletRequest)]
21:26:06.239 [main] INFO  org.apache.coyote.http11.Http11NioProtocol - Starting ProtocolHandler ["http-nio-8080"]
21:26:06.264 [main] INFO  springfox.documentation.spring.web.plugins.DocumentationPluginsBootstrapper - Context refreshed
21:26:06.283 [main] INFO  springfox.documentation.spring.web.plugins.DocumentationPluginsBootstrapper - Found 1 custom documentation plugin(s)
21:26:06.312 [main] INFO  springfox.documentation.spring.web.scanners.ApiListingReferenceScanner - Scanning for api listing references
21:26:06.333 [main] INFO  com.ftx.authentication.rainshiro.RainShiroApplication - Started RainShiroApplication in 3.468 seconds (JVM running for 8.165)
21:26:10.206 [http-nio-8080-exec-1] INFO  org.apache.catalina.core.ContainerBase.[Tomcat].[localhost].[/] - Initializing Spring DispatcherServlet 'dispatcherServlet'
21:26:10.228 [http-nio-8080-exec-1] INFO  org.apache.shiro.session.mgt.AbstractValidatingSessionManager - Enabling session validation scheduler...
21:27:48.377 [main] INFO  com.ftx.authentication.rainshiro.RainShiroApplication - Starting RainShiroApplication on LAPTOP-OI5LG6OU with PID 18888 (D:\IdeaProjects\Rain平台\rain-shiro\target\classes started by Administrator in D:\IdeaProjects\Rain平台)
21:27:48.395 [main] INFO  com.ftx.authentication.rainshiro.RainShiroApplication - No active profile set, falling back to default profiles: default
21:27:50.222 [main] INFO  org.apache.coyote.http11.Http11NioProtocol - Initializing ProtocolHandler ["http-nio-8080"]
21:27:50.222 [main] INFO  org.apache.catalina.core.StandardService - Starting service [Tomcat]
21:27:50.223 [main] INFO  org.apache.catalina.core.StandardEngine - Starting Servlet engine: [Apache Tomcat/9.0.38]
21:27:50.323 [main] INFO  org.apache.catalina.core.ContainerBase.[Tomcat].[localhost].[/] - Initializing Spring embedded WebApplicationContext
21:27:50.878 [main] INFO  springfox.documentation.spring.web.PropertySourcedRequestMappingHandlerMapping - Mapped URL path [/v2/api-docs] onto method [springfox.documentation.swagger2.web.Swagger2Controller#getDocumentation(String, HttpServletRequest)]
21:27:51.180 [main] INFO  org.apache.coyote.http11.Http11NioProtocol - Starting ProtocolHandler ["http-nio-8080"]
21:27:51.224 [main] INFO  springfox.documentation.spring.web.plugins.DocumentationPluginsBootstrapper - Context refreshed
21:27:51.241 [main] INFO  springfox.documentation.spring.web.plugins.DocumentationPluginsBootstrapper - Found 1 custom documentation plugin(s)
21:27:51.271 [main] INFO  springfox.documentation.spring.web.scanners.ApiListingReferenceScanner - Scanning for api listing references
21:27:51.292 [main] INFO  com.ftx.authentication.rainshiro.RainShiroApplication - Started RainShiroApplication in 3.518 seconds (JVM running for 8.028)
21:27:55.222 [http-nio-8080-exec-1] INFO  org.apache.catalina.core.ContainerBase.[Tomcat].[localhost].[/] - Initializing Spring DispatcherServlet 'dispatcherServlet'
21:27:55.243 [http-nio-8080-exec-1] INFO  org.apache.shiro.session.mgt.AbstractValidatingSessionManager - Enabling session validation scheduler...
21:29:58.374 [main] INFO  com.ftx.authentication.rainshiro.RainShiroApplication - Starting RainShiroApplication on LAPTOP-OI5LG6OU with PID 6868 (D:\IdeaProjects\Rain平台\rain-shiro\target\classes started by Administrator in D:\IdeaProjects\Rain平台)
21:29:58.383 [main] INFO  com.ftx.authentication.rainshiro.RainShiroApplication - No active profile set, falling back to default profiles: default
21:30:00.257 [main] INFO  org.apache.coyote.http11.Http11NioProtocol - Initializing ProtocolHandler ["http-nio-8080"]
21:30:00.257 [main] INFO  org.apache.catalina.core.StandardService - Starting service [Tomcat]
21:30:00.257 [main] INFO  org.apache.catalina.core.StandardEngine - Starting Servlet engine: [Apache Tomcat/9.0.38]
21:30:00.357 [main] INFO  org.apache.catalina.core.ContainerBase.[Tomcat].[localhost].[/] - Initializing Spring embedded WebApplicationContext
21:30:00.909 [main] INFO  springfox.documentation.spring.web.PropertySourcedRequestMappingHandlerMapping - Mapped URL path [/v2/api-docs] onto method [springfox.documentation.swagger2.web.Swagger2Controller#getDocumentation(String, HttpServletRequest)]
21:30:01.232 [main] INFO  org.apache.coyote.http11.Http11NioProtocol - Starting ProtocolHandler ["http-nio-8080"]
21:30:01.259 [main] INFO  springfox.documentation.spring.web.plugins.DocumentationPluginsBootstrapper - Context refreshed
21:30:01.276 [main] INFO  springfox.documentation.spring.web.plugins.DocumentationPluginsBootstrapper - Found 1 custom documentation plugin(s)
21:30:01.305 [main] INFO  springfox.documentation.spring.web.scanners.ApiListingReferenceScanner - Scanning for api listing references
21:30:01.325 [main] INFO  com.ftx.authentication.rainshiro.RainShiroApplication - Started RainShiroApplication in 3.54 seconds (JVM running for 8.803)
21:30:06.096 [http-nio-8080-exec-1] INFO  org.apache.catalina.core.ContainerBase.[Tomcat].[localhost].[/] - Initializing Spring DispatcherServlet 'dispatcherServlet'
21:30:06.117 [http-nio-8080-exec-1] INFO  org.apache.shiro.session.mgt.AbstractValidatingSessionManager - Enabling session validation scheduler...
21:31:41.051 [main] INFO  com.ftx.authentication.rainshiro.RainShiroApplication - Starting RainShiroApplication on LAPTOP-OI5LG6OU with PID 11696 (D:\IdeaProjects\Rain平台\rain-shiro\target\classes started by Administrator in D:\IdeaProjects\Rain平台)
21:31:41.061 [main] INFO  com.ftx.authentication.rainshiro.RainShiroApplication - No active profile set, falling back to default profiles: default
21:31:43.095 [main] INFO  org.apache.coyote.http11.Http11NioProtocol - Initializing ProtocolHandler ["http-nio-8080"]
21:31:43.095 [main] INFO  org.apache.catalina.core.StandardService - Starting service [Tomcat]
21:31:43.096 [main] INFO  org.apache.catalina.core.StandardEngine - Starting Servlet engine: [Apache Tomcat/9.0.38]
21:31:43.194 [main] INFO  org.apache.catalina.core.ContainerBase.[Tomcat].[localhost].[/] - Initializing Spring embedded WebApplicationContext
21:31:43.743 [main] INFO  springfox.documentation.spring.web.PropertySourcedRequestMappingHandlerMapping - Mapped URL path [/v2/api-docs] onto method [springfox.documentation.swagger2.web.Swagger2Controller#getDocumentation(String, HttpServletRequest)]
21:31:44.114 [main] INFO  org.apache.coyote.http11.Http11NioProtocol - Starting ProtocolHandler ["http-nio-8080"]
21:31:44.144 [main] INFO  springfox.documentation.spring.web.plugins.DocumentationPluginsBootstrapper - Context refreshed
21:31:44.161 [main] INFO  springfox.documentation.spring.web.plugins.DocumentationPluginsBootstrapper - Found 1 custom documentation plugin(s)
21:31:44.191 [main] INFO  springfox.documentation.spring.web.scanners.ApiListingReferenceScanner - Scanning for api listing references
21:31:44.212 [main] INFO  com.ftx.authentication.rainshiro.RainShiroApplication - Started RainShiroApplication in 3.736 seconds (JVM running for 8.492)
21:31:54.576 [http-nio-8080-exec-1] INFO  org.apache.catalina.core.ContainerBase.[Tomcat].[localhost].[/] - Initializing Spring DispatcherServlet 'dispatcherServlet'
21:31:54.596 [http-nio-8080-exec-1] INFO  org.apache.shiro.session.mgt.AbstractValidatingSessionManager - Enabling session validation scheduler...
21:33:58.854 [main] INFO  com.ftx.authentication.rainshiro.RainShiroApplication - Starting RainShiroApplication on LAPTOP-OI5LG6OU with PID 17324 (D:\IdeaProjects\Rain平台\rain-shiro\target\classes started by Administrator in D:\IdeaProjects\Rain平台)
21:33:58.863 [main] INFO  com.ftx.authentication.rainshiro.RainShiroApplication - No active profile set, falling back to default profiles: default
21:34:00.693 [main] INFO  org.apache.coyote.http11.Http11NioProtocol - Initializing ProtocolHandler ["http-nio-8080"]
21:34:00.694 [main] INFO  org.apache.catalina.core.StandardService - Starting service [Tomcat]
21:34:00.694 [main] INFO  org.apache.catalina.core.StandardEngine - Starting Servlet engine: [Apache Tomcat/9.0.38]
21:34:00.795 [main] INFO  org.apache.catalina.core.ContainerBase.[Tomcat].[localhost].[/] - Initializing Spring embedded WebApplicationContext
21:34:01.349 [main] INFO  springfox.documentation.spring.web.PropertySourcedRequestMappingHandlerMapping - Mapped URL path [/v2/api-docs] onto method [springfox.documentation.swagger2.web.Swagger2Controller#getDocumentation(String, HttpServletRequest)]
21:34:01.673 [main] INFO  org.apache.coyote.http11.Http11NioProtocol - Starting ProtocolHandler ["http-nio-8080"]
21:34:01.698 [main] INFO  springfox.documentation.spring.web.plugins.DocumentationPluginsBootstrapper - Context refreshed
21:34:01.715 [main] INFO  springfox.documentation.spring.web.plugins.DocumentationPluginsBootstrapper - Found 1 custom documentation plugin(s)
21:34:01.744 [main] INFO  springfox.documentation.spring.web.scanners.ApiListingReferenceScanner - Scanning for api listing references
21:34:01.899 [main] INFO  com.ftx.authentication.rainshiro.RainShiroApplication - Started RainShiroApplication in 3.611 seconds (JVM running for 8.421)
21:34:07.731 [http-nio-8080-exec-1] INFO  org.apache.catalina.core.ContainerBase.[Tomcat].[localhost].[/] - Initializing Spring DispatcherServlet 'dispatcherServlet'
21:34:07.752 [http-nio-8080-exec-1] INFO  org.apache.shiro.session.mgt.AbstractValidatingSessionManager - Enabling session validation scheduler...
